<?xml version="1.0" encoding="UTF-8"?>
<coverage generated="1765308721259" clover="3.2.0">
  <project timestamp="1765308721259" name="All files">
    <metrics statements="668" coveredstatements="399" conditionals="355" coveredconditionals="170" methods="168" coveredmethods="89" elements="1191" coveredelements="658" complexity="0" loc="668" ncloc="668" packages="3" files="15" classes="15"/>
    <package name="app">
      <metrics statements="414" coveredstatements="231" conditionals="236" coveredconditionals="103" methods="91" coveredmethods="54"/>
      <file name="_layout.tsx" path="C:\Users\ezedi\Documents\uma\fe\app\_layout.tsx">
        <metrics statements="56" coveredstatements="0" conditionals="40" coveredconditionals="0" methods="7" coveredmethods="0"/>
        <line num="8" count="0" type="stmt"/>
        <line num="11" count="0" type="stmt"/>
        <line num="12" count="0" type="stmt"/>
        <line num="13" count="0" type="stmt"/>
        <line num="15" count="0" type="stmt"/>
        <line num="16" count="0" type="stmt"/>
        <line num="18" count="0" type="cond" truecount="0" falsecount="4"/>
        <line num="19" count="0" type="stmt"/>
        <line num="20" count="0" type="cond" truecount="0" falsecount="2"/>
        <line num="21" count="0" type="stmt"/>
        <line num="24" count="0" type="stmt"/>
        <line num="25" count="0" type="stmt"/>
        <line num="26" count="0" type="stmt"/>
        <line num="27" count="0" type="stmt"/>
        <line num="28" count="0" type="stmt"/>
        <line num="30" count="0" type="cond" truecount="0" falsecount="4"/>
        <line num="32" count="0" type="stmt"/>
        <line num="40" count="0" type="stmt"/>
        <line num="42" count="0" type="stmt"/>
        <line num="43" count="0" type="stmt"/>
        <line num="44" count="0" type="stmt"/>
        <line num="50" count="0" type="stmt"/>
        <line num="51" count="0" type="cond" truecount="0" falsecount="2"/>
        <line num="53" count="0" type="cond" truecount="0" falsecount="4"/>
        <line num="54" count="0" type="stmt"/>
        <line num="55" count="0" type="stmt"/>
        <line num="56" count="0" type="cond" truecount="0" falsecount="4"/>
        <line num="57" count="0" type="stmt"/>
        <line num="58" count="0" type="stmt"/>
        <line num="61" count="0" type="stmt"/>
        <line num="62" count="0" type="stmt"/>
        <line num="66" count="0" type="stmt"/>
        <line num="67" count="0" type="stmt"/>
        <line num="68" count="0" type="stmt"/>
        <line num="69" count="0" type="stmt"/>
        <line num="73" count="0" type="cond" truecount="0" falsecount="6"/>
        <line num="74" count="0" type="stmt"/>
        <line num="77" count="0" type="stmt"/>
        <line num="84" count="0" type="stmt"/>
        <line num="87" count="0" type="stmt"/>
        <line num="89" count="0" type="stmt"/>
        <line num="92" count="0" type="stmt"/>
        <line num="96" count="0" type="stmt"/>
        <line num="97" count="0" type="cond" truecount="0" falsecount="2"/>
        <line num="99" count="0" type="stmt"/>
        <line num="102" count="0" type="stmt"/>
        <line num="103" count="0" type="stmt"/>
        <line num="104" count="0" type="stmt"/>
        <line num="108" count="0" type="stmt"/>
        <line num="109" count="0" type="cond" truecount="0" falsecount="2"/>
        <line num="110" count="0" type="stmt"/>
        <line num="115" count="0" type="stmt"/>
        <line num="117" count="0" type="stmt"/>
        <line num="121" count="0" type="cond" truecount="0" falsecount="2"/>
        <line num="122" count="0" type="stmt"/>
        <line num="125" count="0" type="stmt"/>
      </file>
      <file name="inbox.tsx" path="C:\Users\ezedi\Documents\uma\fe\app\inbox.tsx">
        <metrics statements="47" coveredstatements="43" conditionals="8" coveredconditionals="3" methods="9" coveredmethods="8"/>
        <line num="17" count="25" type="stmt"/>
        <line num="18" count="25" type="stmt"/>
        <line num="19" count="25" type="stmt"/>
        <line num="20" count="25" type="stmt"/>
        <line num="21" count="25" type="stmt"/>
        <line num="23" count="25" type="stmt"/>
        <line num="24" count="12" type="stmt"/>
        <line num="28" count="25" type="stmt"/>
        <line num="29" count="12" type="stmt"/>
        <line num="30" count="12" type="cond" truecount="1" falsecount="1"/>
        <line num="31" count="12" type="stmt"/>
        <line num="33" count="12" type="cond" truecount="1" falsecount="1"/>
        <line num="36" count="25" type="stmt"/>
        <line num="37" count="13" type="stmt"/>
        <line num="38" count="13" type="stmt"/>
        <line num="40" count="13" type="stmt"/>
        <line num="45" count="12" type="stmt"/>
        <line num="46" count="12" type="stmt"/>
        <line num="47" count="12" type="stmt"/>
        <line num="48" count="12" type="stmt"/>
        <line num="51" count="12" type="stmt"/>
        <line num="54" count="11" type="stmt"/>
        <line num="55" count="11" type="stmt"/>
        <line num="56" count="11" type="stmt"/>
        <line num="58" count="1" type="stmt"/>
        <line num="60" count="12" type="stmt"/>
        <line num="64" count="25" type="stmt"/>
        <line num="65" count="1" type="stmt"/>
        <line num="67" count="1" type="stmt"/>
        <line num="72" count="1" type="stmt"/>
        <line num="73" count="1" type="stmt"/>
        <line num="74" count="1" type="stmt"/>
        <line num="75" count="1" type="stmt"/>
        <line num="78" count="1" type="stmt"/>
        <line num="85" count="1" type="stmt"/>
        <line num="89" count="1" type="cond" truecount="1" falsecount="1"/>
        <line num="91" count="1" type="stmt"/>
        <line num="93" count="1" type="stmt"/>
        <line num="95" count="0" type="stmt"/>
        <line num="96" count="0" type="cond" truecount="0" falsecount="2"/>
        <line num="101" count="0" type="stmt"/>
        <line num="105" count="25" type="stmt"/>
        <line num="106" count="4" type="stmt"/>
        <line num="117" count="25" type="stmt"/>
        <line num="122" count="0" type="stmt"/>
        <line num="132" count="7" type="stmt"/>
        <line num="142" count="1" type="stmt"/>
      </file>
      <file name="index.tsx" path="C:\Users\ezedi\Documents\uma\fe\app\index.tsx">
        <metrics statements="78" coveredstatements="55" conditionals="41" coveredconditionals="19" methods="22" coveredmethods="12"/>
        <line num="12" count="1" type="stmt"/>
        <line num="14" count="1" type="stmt"/>
        <line num="15" count="1200" type="stmt"/>
        <line num="16" count="1200" type="stmt"/>
        <line num="18" count="1200" type="stmt"/>
        <line num="19" count="500" type="cond" truecount="0" falsecount="1"/>
        <line num="20" count="754" type="stmt"/>
        <line num="21" count="754" type="stmt"/>
        <line num="23" count="754" type="stmt"/>
        <line num="40" count="254" type="stmt"/>
        <line num="44" count="500" type="stmt"/>
        <line num="47" count="1200" type="stmt"/>
        <line num="52" count="1200" type="stmt"/>
        <line num="71" count="34" type="stmt"/>
        <line num="73" count="34" type="stmt"/>
        <line num="74" count="34" type="stmt"/>
        <line num="75" count="34" type="stmt"/>
        <line num="76" count="34" type="stmt"/>
        <line num="77" count="34" type="stmt"/>
        <line num="78" count="34" type="stmt"/>
        <line num="79" count="34" type="stmt"/>
        <line num="81" count="34" type="stmt"/>
        <line num="83" count="10" type="stmt"/>
        <line num="90" count="500" type="stmt"/>
        <line num="98" count="10" type="stmt"/>
        <line num="101" count="34" type="stmt"/>
        <line num="102" count="5" type="stmt"/>
        <line num="103" count="5" type="stmt"/>
        <line num="104" count="5" type="cond" truecount="2" falsecount="0"/>
        <line num="105" count="5" type="stmt"/>
        <line num="108" count="34" type="stmt"/>
        <line num="109" count="1" type="stmt"/>
        <line num="110" count="1" type="cond" truecount="1" falsecount="1"/>
        <line num="111" count="0" type="stmt"/>
        <line num="115" count="34" type="stmt"/>
        <line num="117" count="0" type="cond" truecount="0" falsecount="2"/>
        <line num="118" count="0" type="cond" truecount="0" falsecount="2"/>
        <line num="119" count="0" type="cond" truecount="0" falsecount="2"/>
        <line num="120" count="0" type="stmt"/>
        <line num="123" count="34" type="stmt"/>
        <line num="124" count="0" type="stmt"/>
        <line num="127" count="34" type="stmt"/>
        <line num="128" count="5" type="cond" truecount="4" falsecount="0"/>
        <line num="129" count="2" type="stmt"/>
        <line num="130" count="2" type="stmt"/>
        <line num="133" count="3" type="stmt"/>
        <line num="134" count="3" type="stmt"/>
        <line num="141" count="2" type="stmt"/>
        <line num="142" count="2" type="cond" truecount="2" falsecount="0"/>
        <line num="143" count="1" type="cond" truecount="1" falsecount="1"/>
        <line num="144" count="1" type="stmt"/>
        <line num="147" count="1" type="stmt"/>
        <line num="148" count="1" type="cond" truecount="1" falsecount="1"/>
        <line num="150" count="1" type="stmt"/>
        <line num="151" count="1" type="stmt"/>
        <line num="156" count="34" type="stmt"/>
        <line num="157" count="0" type="stmt"/>
        <line num="160" count="34" type="stmt"/>
        <line num="161" count="0" type="stmt"/>
        <line num="162" count="0" type="stmt"/>
        <line num="164" count="0" type="cond" truecount="0" falsecount="2"/>
        <line num="165" count="0" type="stmt"/>
        <line num="166" count="0" type="cond" truecount="0" falsecount="4"/>
        <line num="168" count="0" type="stmt"/>
        <line num="169" count="0" type="stmt"/>
        <line num="171" count="0" type="stmt"/>
        <line num="176" count="34" type="stmt"/>
        <line num="177" count="0" type="stmt"/>
        <line num="178" count="0" type="stmt"/>
        <line num="179" count="0" type="cond" truecount="0" falsecount="2"/>
        <line num="180" count="0" type="stmt"/>
        <line num="181" count="0" type="cond" truecount="0" falsecount="4"/>
        <line num="183" count="0" type="stmt"/>
        <line num="184" count="0" type="stmt"/>
        <line num="186" count="0" type="stmt"/>
        <line num="191" count="34" type="stmt"/>
        <line num="195" count="1200" type="stmt"/>
        <line num="268" count="1" type="stmt"/>
      </file>
      <file name="postMaker.tsx" path="C:\Users\ezedi\Documents\uma\fe\app\postMaker.tsx">
        <metrics statements="40" coveredstatements="0" conditionals="23" coveredconditionals="0" methods="7" coveredmethods="0"/>
        <line num="9" count="0" type="stmt"/>
        <line num="14" count="0" type="stmt"/>
        <line num="15" count="0" type="stmt"/>
        <line num="16" count="0" type="stmt"/>
        <line num="17" count="0" type="stmt"/>
        <line num="18" count="0" type="stmt"/>
        <line num="19" count="0" type="stmt"/>
        <line num="21" count="0" type="stmt"/>
        <line num="22" count="0" type="stmt"/>
        <line num="25" count="0" type="stmt"/>
        <line num="26" count="0" type="stmt"/>
        <line num="27" count="0" type="cond" truecount="0" falsecount="2"/>
        <line num="28" count="0" type="stmt"/>
        <line num="32" count="0" type="stmt"/>
        <line num="33" count="0" type="stmt"/>
        <line num="34" count="0" type="stmt"/>
        <line num="35" count="0" type="cond" truecount="0" falsecount="2"/>
        <line num="36" count="0" type="stmt"/>
        <line num="39" count="0" type="stmt"/>
        <line num="43" count="0" type="stmt"/>
        <line num="44" count="0" type="stmt"/>
        <line num="45" count="0" type="stmt"/>
        <line num="46" count="0" type="stmt"/>
        <line num="47" count="0" type="cond" truecount="0" falsecount="2"/>
        <line num="48" count="0" type="stmt"/>
        <line num="51" count="0" type="stmt"/>
        <line num="53" count="0" type="cond" truecount="0" falsecount="2"/>
        <line num="55" count="0" type="stmt"/>
        <line num="57" count="0" type="stmt"/>
        <line num="60" count="0" type="stmt"/>
        <line num="62" count="0" type="cond" truecount="0" falsecount="2"/>
        <line num="63" count="0" type="stmt"/>
        <line num="66" count="0" type="stmt"/>
        <line num="67" count="0" type="stmt"/>
        <line num="73" count="0" type="stmt"/>
        <line num="77" count="0" type="stmt"/>
        <line num="78" count="0" type="stmt"/>
        <line num="81" count="0" type="stmt"/>
        <line num="118" count="0" type="stmt"/>
        <line num="152" count="0" type="stmt"/>
      </file>
      <file name="profile.tsx" path="C:\Users\ezedi\Documents\uma\fe\app\profile.tsx">
        <metrics statements="52" coveredstatements="0" conditionals="18" coveredconditionals="0" methods="7" coveredmethods="0"/>
        <line num="15" count="0" type="stmt"/>
        <line num="18" count="0" type="stmt"/>
        <line num="19" count="0" type="stmt"/>
        <line num="20" count="0" type="stmt"/>
        <line num="21" count="0" type="stmt"/>
        <line num="22" count="0" type="stmt"/>
        <line num="24" count="0" type="stmt"/>
        <line num="25" count="0" type="stmt"/>
        <line num="28" count="0" type="stmt"/>
        <line num="29" count="0" type="stmt"/>
        <line num="30" count="0" type="cond" truecount="0" falsecount="2"/>
        <line num="31" count="0" type="stmt"/>
        <line num="35" count="0" type="stmt"/>
        <line num="36" count="0" type="cond" truecount="0" falsecount="4"/>
        <line num="37" count="0" type="stmt"/>
        <line num="38" count="0" type="stmt"/>
        <line num="41" count="0" type="stmt"/>
        <line num="42" count="0" type="stmt"/>
        <line num="43" count="0" type="stmt"/>
        <line num="48" count="0" type="stmt"/>
        <line num="49" count="0" type="stmt"/>
        <line num="51" count="0" type="stmt"/>
        <line num="53" count="0" type="stmt"/>
        <line num="57" count="0" type="stmt"/>
        <line num="68" count="0" type="stmt"/>
        <line num="69" count="0" type="stmt"/>
        <line num="72" count="0" type="stmt"/>
        <line num="77" count="0" type="stmt"/>
        <line num="78" count="0" type="stmt"/>
        <line num="79" count="0" type="stmt"/>
        <line num="82" count="0" type="stmt"/>
        <line num="87" count="0" type="stmt"/>
        <line num="88" count="0" type="stmt"/>
        <line num="89" count="0" type="stmt"/>
        <line num="91" count="0" type="stmt"/>
        <line num="93" count="0" type="stmt"/>
        <line num="103" count="0" type="stmt"/>
        <line num="104" count="0" type="stmt"/>
        <line num="105" count="0" type="stmt"/>
        <line num="107" count="0" type="cond" truecount="0" falsecount="2"/>
        <line num="108" count="0" type="stmt"/>
        <line num="110" count="0" type="cond" truecount="0" falsecount="2"/>
        <line num="114" count="0" type="stmt"/>
        <line num="115" count="0" type="stmt"/>
        <line num="120" count="0" type="stmt"/>
        <line num="121" count="0" type="cond" truecount="0" falsecount="2"/>
        <line num="122" count="0" type="stmt"/>
        <line num="126" count="0" type="cond" truecount="0" falsecount="2"/>
        <line num="127" count="0" type="stmt"/>
        <line num="135" count="0" type="stmt"/>
        <line num="142" count="0" type="stmt"/>
        <line num="203" count="0" type="stmt"/>
      </file>
      <file name="signup.tsx" path="C:\Users\ezedi\Documents\uma\fe\app\signup.tsx">
        <metrics statements="57" coveredstatements="54" conditionals="22" coveredconditionals="19" methods="14" coveredmethods="12"/>
        <line num="14" count="1" type="stmt"/>
        <line num="16" count="1" type="stmt"/>
        <line num="17" count="2150" type="stmt"/>
        <line num="18" count="2150" type="stmt"/>
        <line num="20" count="2150" type="stmt"/>
        <line num="21" count="750" type="cond" truecount="0" falsecount="1"/>
        <line num="22" count="1406" type="stmt"/>
        <line num="23" count="1406" type="stmt"/>
        <line num="25" count="1406" type="stmt"/>
        <line num="42" count="656" type="stmt"/>
        <line num="46" count="750" type="stmt"/>
        <line num="49" count="2150" type="stmt"/>
        <line num="54" count="2150" type="stmt"/>
        <line num="86" count="58" type="stmt"/>
        <line num="87" count="58" type="stmt"/>
        <line num="88" count="58" type="stmt"/>
        <line num="89" count="58" type="stmt"/>
        <line num="90" count="58" type="stmt"/>
        <line num="91" count="58" type="stmt"/>
        <line num="92" count="58" type="stmt"/>
        <line num="93" count="58" type="stmt"/>
        <line num="94" count="58" type="stmt"/>
        <line num="97" count="58" type="stmt"/>
        <line num="99" count="15" type="stmt"/>
        <line num="106" count="750" type="stmt"/>
        <line num="114" count="15" type="stmt"/>
        <line num="118" count="58" type="stmt"/>
        <line num="119" count="9" type="stmt"/>
        <line num="120" count="9" type="stmt"/>
        <line num="121" count="9" type="cond" truecount="2" falsecount="0"/>
        <line num="122" count="9" type="stmt"/>
        <line num="125" count="58" type="stmt"/>
        <line num="126" count="1" type="stmt"/>
        <line num="127" count="1" type="cond" truecount="1" falsecount="1"/>
        <line num="128" count="0" type="stmt"/>
        <line num="132" count="58" type="stmt"/>
        <line num="133" count="9" type="stmt"/>
        <line num="136" count="9" type="cond" truecount="5" falsecount="0"/>
        <line num="137" count="5" type="stmt"/>
        <line num="138" count="5" type="stmt"/>
        <line num="141" count="4" type="stmt"/>
        <line num="142" count="4" type="stmt"/>
        <line num="148" count="3" type="stmt"/>
        <line num="150" count="3" type="cond" truecount="2" falsecount="0"/>
        <line num="152" count="1" type="cond" truecount="1" falsecount="1"/>
        <line num="153" count="1" type="stmt"/>
        <line num="154" count="1" type="stmt"/>
        <line num="157" count="2" type="stmt"/>
        <line num="160" count="2" type="stmt"/>
        <line num="163" count="0" type="stmt"/>
        <line num="166" count="1" type="stmt"/>
        <line num="167" count="1" type="stmt"/>
        <line num="171" count="58" type="stmt"/>
        <line num="172" count="0" type="stmt"/>
        <line num="175" count="58" type="stmt"/>
        <line num="179" count="2150" type="stmt"/>
        <line num="243" count="1" type="stmt"/>
      </file>
      <file name="umaDetail.tsx" path="C:\Users\ezedi\Documents\uma\fe\app\umaDetail.tsx">
        <metrics statements="84" coveredstatements="79" conditionals="84" coveredconditionals="62" methods="25" coveredmethods="22"/>
        <line num="5" count="1" type="stmt"/>
        <line num="38" count="46" type="stmt"/>
        <line num="39" count="46" type="stmt"/>
        <line num="40" count="46" type="stmt"/>
        <line num="41" count="46" type="stmt"/>
        <line num="42" count="46" type="stmt"/>
        <line num="43" count="46" type="stmt"/>
        <line num="44" count="46" type="stmt"/>
        <line num="45" count="46" type="stmt"/>
        <line num="46" count="46" type="stmt"/>
        <line num="47" count="46" type="stmt"/>
        <line num="48" count="46" type="stmt"/>
        <line num="50" count="46" type="stmt"/>
        <line num="51" count="16" type="cond" truecount="1" falsecount="1"/>
        <line num="52" count="16" type="stmt"/>
        <line num="53" count="16" type="stmt"/>
        <line num="57" count="46" type="stmt"/>
        <line num="59" count="30" type="cond" truecount="2" falsecount="0"/>
        <line num="60" count="13" type="cond" truecount="1" falsecount="4"/>
        <line num="61" count="13" type="cond" truecount="1" falsecount="1"/>
        <line num="62" count="13" type="stmt"/>
        <line num="63" count="13" type="stmt"/>
        <line num="64" count="13" type="stmt"/>
        <line num="65" count="13" type="stmt"/>
        <line num="69" count="46" type="stmt"/>
        <line num="70" count="17" type="stmt"/>
        <line num="71" count="17" type="stmt"/>
        <line num="72" count="17" type="stmt"/>
        <line num="73" count="13" type="cond" truecount="1" falsecount="1"/>
        <line num="74" count="0" type="stmt"/>
        <line num="76" count="13" type="stmt"/>
        <line num="77" count="13" type="stmt"/>
        <line num="78" count="13" type="stmt"/>
        <line num="80" count="3" type="cond" truecount="1" falsecount="1"/>
        <line num="81" count="3" type="stmt"/>
        <line num="83" count="16" type="stmt"/>
        <line num="87" count="46" type="stmt"/>
        <line num="88" count="16" type="stmt"/>
        <line num="89" count="16" type="stmt"/>
        <line num="90" count="13" type="cond" truecount="2" falsecount="0"/>
        <line num="91" count="1" type="stmt"/>
        <line num="93" count="12" type="stmt"/>
        <line num="94" count="12" type="stmt"/>
        <line num="96" count="3" type="stmt"/>
        <line num="102" count="46" type="stmt"/>
        <line num="103" count="1" type="cond" truecount="3" falsecount="1"/>
        <line num="104" count="1" type="stmt"/>
        <line num="107" count="1" type="cond" truecount="2" falsecount="3"/>
        <line num="108" count="1" type="cond" truecount="1" falsecount="1"/>
        <line num="111" count="1" type="stmt"/>
        <line num="117" count="1" type="stmt"/>
        <line num="118" count="1" type="stmt"/>
        <line num="127" count="1" type="stmt"/>
        <line num="133" count="1" type="stmt"/>
        <line num="134" count="1" type="stmt"/>
        <line num="144" count="46" type="stmt"/>
        <line num="145" count="25" type="cond" truecount="2" falsecount="0"/>
        <line num="146" count="23" type="stmt"/>
        <line num="147" count="23" type="stmt"/>
        <line num="148" count="23" type="stmt"/>
        <line num="149" count="23" type="stmt"/>
        <line num="150" count="23" type="stmt"/>
        <line num="151" count="23" type="stmt"/>
        <line num="152" count="23" type="stmt"/>
        <line num="154" count="0" type="stmt"/>
        <line num="158" count="46" type="cond" truecount="2" falsecount="0"/>
        <line num="159" count="17" type="stmt"/>
        <line num="166" count="29" type="cond" truecount="4" falsecount="0"/>
        <line num="167" count="3" type="stmt"/>
        <line num="173" count="0" type="stmt"/>
        <line num="178" count="1" type="stmt"/>
        <line num="188" count="26" type="stmt"/>
        <line num="193" count="0" type="stmt"/>
        <line num="203" count="0" type="stmt"/>
        <line num="211" count="1" type="stmt"/>
        <line num="233" count="75" type="stmt"/>
        <line num="234" count="26" type="stmt"/>
        <line num="235" count="26" type="cond" truecount="2" falsecount="0"/>
        <line num="244" count="52" type="cond" truecount="2" falsecount="0"/>
        <line num="254" count="50" type="stmt"/>
        <line num="255" count="26" type="stmt"/>
        <line num="256" count="26" type="cond" truecount="2" falsecount="0"/>
        <line num="260" count="26" type="cond" truecount="2" falsecount="0"/>
        <line num="290" count="1" type="stmt"/>
      </file>
    </package>
    <package name="app.tabs">
      <metrics statements="224" coveredstatements="168" conditionals="110" coveredconditionals="67" methods="66" coveredmethods="35"/>
      <file name="_layout.tsx" path="C:\Users\ezedi\Documents\uma\fe\app\tabs\_layout.tsx">
        <metrics statements="6" coveredstatements="0" conditionals="0" coveredconditionals="0" methods="6" coveredmethods="0"/>
        <line num="5" count="0" type="stmt"/>
        <line num="24" count="0" type="stmt"/>
        <line num="34" count="0" type="stmt"/>
        <line num="44" count="0" type="stmt"/>
        <line num="54" count="0" type="stmt"/>
        <line num="64" count="0" type="stmt"/>
      </file>
      <file name="account.tsx" path="C:\Users\ezedi\Documents\uma\fe\app\tabs\account.tsx">
        <metrics statements="66" coveredstatements="47" conditionals="24" coveredconditionals="10" methods="16" coveredmethods="7"/>
        <line num="7" count="1" type="stmt"/>
        <line num="10" count="25" type="stmt"/>
        <line num="11" count="25" type="stmt"/>
        <line num="12" count="25" type="stmt"/>
        <line num="13" count="25" type="stmt"/>
        <line num="14" count="25" type="stmt"/>
        <line num="15" count="25" type="stmt"/>
        <line num="17" count="25" type="stmt"/>
        <line num="18" count="9" type="stmt"/>
        <line num="21" count="25" type="stmt"/>
        <line num="22" count="9" type="stmt"/>
        <line num="23" count="9" type="cond" truecount="1" falsecount="1"/>
        <line num="24" count="9" type="stmt"/>
        <line num="28" count="25" type="stmt"/>
        <line num="29" count="2" type="stmt"/>
        <line num="32" count="25" type="stmt"/>
        <line num="33" count="1" type="stmt"/>
        <line num="34" count="1" type="stmt"/>
        <line num="43" count="1" type="stmt"/>
        <line num="44" count="1" type="stmt"/>
        <line num="45" count="1" type="cond" truecount="1" falsecount="1"/>
        <line num="46" count="1" type="stmt"/>
        <line num="47" count="1" type="stmt"/>
        <line num="48" count="1" type="stmt"/>
        <line num="49" count="1" type="stmt"/>
        <line num="51" count="0" type="cond" truecount="0" falsecount="2"/>
        <line num="54" count="0" type="stmt"/>
        <line num="58" count="25" type="stmt"/>
        <line num="59" count="2" type="stmt"/>
        <line num="60" count="2" type="stmt"/>
        <line num="61" count="2" type="stmt"/>
        <line num="64" count="25" type="stmt"/>
        <line num="65" count="1" type="cond" truecount="1" falsecount="1"/>
        <line num="66" count="0" type="stmt"/>
        <line num="67" count="0" type="stmt"/>
        <line num="69" count="1" type="stmt"/>
        <line num="70" count="1" type="stmt"/>
        <line num="80" count="1" type="stmt"/>
        <line num="81" count="1" type="stmt"/>
        <line num="82" count="1" type="cond" truecount="1" falsecount="1"/>
        <line num="83" count="1" type="stmt"/>
        <line num="86" count="1" type="stmt"/>
        <line num="87" count="1" type="cond" truecount="1" falsecount="1"/>
        <line num="88" count="1" type="stmt"/>
        <line num="96" count="1" type="stmt"/>
        <line num="97" count="1" type="stmt"/>
        <line num="98" count="1" type="stmt"/>
        <line num="99" count="1" type="stmt"/>
        <line num="101" count="0" type="cond" truecount="0" falsecount="2"/>
        <line num="104" count="0" type="stmt"/>
        <line num="108" count="25" type="stmt"/>
        <line num="109" count="0" type="stmt"/>
        <line num="110" count="0" type="stmt"/>
        <line num="113" count="25" type="stmt"/>
        <line num="121" count="0" type="stmt"/>
        <line num="126" count="0" type="stmt"/>
        <line num="131" count="0" type="stmt"/>
        <line num="149" count="0" type="stmt"/>
        <line num="150" count="0" type="stmt"/>
        <line num="151" count="0" type="stmt"/>
        <line num="169" count="0" type="stmt"/>
        <line num="174" count="0" type="stmt"/>
        <line num="179" count="0" type="stmt"/>
        <line num="191" count="0" type="stmt"/>
        <line num="192" count="0" type="stmt"/>
        <line num="246" count="1" type="stmt"/>
      </file>
      <file name="dms.tsx" path="C:\Users\ezedi\Documents\uma\fe\app\tabs\dms.tsx">
        <metrics statements="24" coveredstatements="24" conditionals="6" coveredconditionals="4" methods="6" coveredmethods="5"/>
        <line num="6" count="1" type="stmt"/>
        <line num="10" count="12" type="stmt"/>
        <line num="11" count="11" type="stmt"/>
        <line num="13" count="11" type="stmt"/>
        <line num="14" count="5" type="stmt"/>
        <line num="18" count="11" type="stmt"/>
        <line num="19" count="5" type="stmt"/>
        <line num="20" count="5" type="cond" truecount="1" falsecount="1"/>
        <line num="21" count="5" type="stmt"/>
        <line num="23" count="5" type="cond" truecount="1" falsecount="1"/>
        <line num="26" count="11" type="stmt"/>
        <line num="27" count="5" type="stmt"/>
        <line num="29" count="5" type="stmt"/>
        <line num="34" count="5" type="stmt"/>
        <line num="35" count="5" type="stmt"/>
        <line num="36" count="5" type="stmt"/>
        <line num="38" count="5" type="stmt"/>
        <line num="39" count="1" type="stmt"/>
        <line num="40" count="1" type="stmt"/>
        <line num="41" count="1" type="stmt"/>
        <line num="43" count="4" type="stmt"/>
        <line num="47" count="11" type="stmt"/>
        <line num="57" count="2" type="stmt"/>
        <line num="77" count="1" type="stmt"/>
      </file>
      <file name="posts.tsx" path="C:\Users\ezedi\Documents\uma\fe\app\tabs\posts.tsx">
        <metrics statements="59" coveredstatements="33" conditionals="26" coveredconditionals="13" methods="18" coveredmethods="7"/>
        <line num="10" count="1" type="stmt"/>
        <line num="22" count="16" type="stmt"/>
        <line num="23" count="16" type="stmt"/>
        <line num="24" count="16" type="stmt"/>
        <line num="25" count="16" type="stmt"/>
        <line num="26" count="16" type="stmt"/>
        <line num="27" count="16" type="stmt"/>
        <line num="28" count="16" type="stmt"/>
        <line num="30" count="16" type="stmt"/>
        <line num="31" count="8" type="stmt"/>
        <line num="32" count="8" type="stmt"/>
        <line num="33" count="8" type="stmt"/>
        <line num="35" count="8" type="stmt"/>
        <line num="38" count="8" type="stmt"/>
        <line num="39" count="14" type="stmt"/>
        <line num="40" count="14" type="stmt"/>
        <line num="42" count="8" type="stmt"/>
        <line num="45" count="14" type="stmt"/>
        <line num="47" count="0" type="stmt"/>
        <line num="49" count="8" type="stmt"/>
        <line num="53" count="8" type="stmt"/>
        <line num="56" count="16" type="stmt"/>
        <line num="57" count="0" type="stmt"/>
        <line num="58" count="0" type="stmt"/>
        <line num="59" count="0" type="cond" truecount="0" falsecount="2"/>
        <line num="60" count="0" type="stmt"/>
        <line num="61" count="0" type="stmt"/>
        <line num="63" count="0" type="stmt"/>
        <line num="64" count="0" type="stmt"/>
        <line num="66" count="0" type="stmt"/>
        <line num="70" count="16" type="stmt"/>
        <line num="71" count="14" type="stmt"/>
        <line num="72" count="14" type="stmt"/>
        <line num="73" count="14" type="stmt"/>
        <line num="74" count="14" type="stmt"/>
        <line num="75" count="14" type="stmt"/>
        <line num="76" count="14" type="stmt"/>
        <line num="78" count="14" type="cond" truecount="1" falsecount="1"/>
        <line num="79" count="0" type="cond" truecount="0" falsecount="2"/>
        <line num="80" count="0" type="cond" truecount="0" falsecount="2"/>
        <line num="81" count="0" type="stmt"/>
        <line num="84" count="16" type="stmt"/>
        <line num="85" count="0" type="stmt"/>
        <line num="86" count="0" type="cond" truecount="0" falsecount="2"/>
        <line num="87" count="0" type="stmt"/>
        <line num="88" count="0" type="stmt"/>
        <line num="90" count="0" type="stmt"/>
        <line num="93" count="16" type="stmt"/>
        <line num="121" count="0" type="stmt"/>
        <line num="139" count="14" type="stmt"/>
        <line num="170" count="0" type="stmt"/>
        <line num="171" count="0" type="stmt"/>
        <line num="174" count="0" type="stmt"/>
        <line num="175" count="0" type="stmt"/>
        <line num="176" count="0" type="stmt"/>
        <line num="177" count="0" type="stmt"/>
        <line num="178" count="0" type="stmt"/>
        <line num="189" count="0" type="stmt"/>
        <line num="215" count="1" type="stmt"/>
      </file>
      <file name="search.tsx" path="C:\Users\ezedi\Documents\uma\fe\app\tabs\search.tsx">
        <metrics statements="33" coveredstatements="30" conditionals="22" coveredconditionals="21" methods="11" coveredmethods="8"/>
        <line num="16" count="1" type="stmt"/>
        <line num="19" count="30" type="stmt"/>
        <line num="20" count="30" type="stmt"/>
        <line num="21" count="30" type="stmt"/>
        <line num="22" count="30" type="stmt"/>
        <line num="23" count="30" type="stmt"/>
        <line num="26" count="30" type="stmt"/>
        <line num="27" count="10" type="stmt"/>
        <line num="30" count="30" type="stmt"/>
        <line num="31" count="10" type="stmt"/>
        <line num="32" count="10" type="cond" truecount="1" falsecount="1"/>
        <line num="33" count="10" type="stmt"/>
        <line num="37" count="30" type="stmt"/>
        <line num="38" count="5" type="cond" truecount="2" falsecount="0"/>
        <line num="39" count="4" type="stmt"/>
        <line num="40" count="4" type="stmt"/>
        <line num="41" count="4" type="stmt"/>
        <line num="43" count="4" type="stmt"/>
        <line num="44" count="4" type="stmt"/>
        <line num="45" count="4" type="stmt"/>
        <line num="47" count="9" type="stmt"/>
        <line num="48" count="4" type="stmt"/>
        <line num="50" count="0" type="stmt"/>
        <line num="52" count="4" type="stmt"/>
        <line num="57" count="0" type="stmt"/>
        <line num="60" count="30" type="stmt"/>
        <line num="61" count="8" type="stmt"/>
        <line num="70" count="30" type="stmt"/>
        <line num="76" count="0" type="stmt"/>
        <line num="90" count="5" type="stmt"/>
        <line num="91" count="5" type="stmt"/>
        <line num="140" count="10" type="stmt"/>
        <line num="151" count="1" type="stmt"/>
      </file>
      <file name="umas.tsx" path="C:\Users\ezedi\Documents\uma\fe\app\tabs\umas.tsx">
        <metrics statements="36" coveredstatements="34" conditionals="32" coveredconditionals="19" methods="9" coveredmethods="8"/>
        <line num="5" count="1" type="stmt"/>
        <line num="22" count="30" type="stmt"/>
        <line num="23" count="30" type="stmt"/>
        <line num="24" count="30" type="stmt"/>
        <line num="25" count="30" type="stmt"/>
        <line num="26" count="30" type="stmt"/>
        <line num="28" count="30" type="stmt"/>
        <line num="29" count="13" type="stmt"/>
        <line num="32" count="30" type="stmt"/>
        <line num="33" count="14" type="stmt"/>
        <line num="34" count="14" type="stmt"/>
        <line num="35" count="14" type="stmt"/>
        <line num="36" count="11" type="cond" truecount="1" falsecount="1"/>
        <line num="37" count="0" type="stmt"/>
        <line num="39" count="11" type="stmt"/>
        <line num="40" count="11" type="stmt"/>
        <line num="41" count="11" type="stmt"/>
        <line num="43" count="3" type="cond" truecount="1" falsecount="1"/>
        <line num="44" count="3" type="stmt"/>
        <line num="46" count="14" type="stmt"/>
        <line num="50" count="30" type="stmt"/>
        <line num="51" count="1" type="stmt"/>
        <line num="57" count="30" type="stmt"/>
        <line num="58" count="24" type="stmt"/>
        <line num="60" count="1" type="cond" truecount="1" falsecount="2"/>
        <line num="76" count="30" type="cond" truecount="2" falsecount="0"/>
        <line num="77" count="14" type="stmt"/>
        <line num="84" count="16" type="cond" truecount="2" falsecount="0"/>
        <line num="85" count="3" type="stmt"/>
        <line num="95" count="13" type="stmt"/>
        <line num="109" count="0" type="stmt"/>
        <line num="116" count="26" type="cond" truecount="2" falsecount="0"/>
        <line num="117" count="4" type="stmt"/>
        <line num="118" count="4" type="stmt"/>
        <line num="124" count="37" type="cond" truecount="1" falsecount="4"/>
        <line num="132" count="1" type="stmt"/>
      </file>
    </package>
    <package name="lib">
      <metrics statements="30" coveredstatements="0" conditionals="9" coveredconditionals="0" methods="11" coveredmethods="0"/>
      <file name="constants.ts" path="C:\Users\ezedi\Documents\uma\fe\lib\constants.ts">
        <metrics statements="3" coveredstatements="0" conditionals="0" coveredconditionals="0" methods="1" coveredmethods="0"/>
        <line num="2" count="0" type="stmt"/>
        <line num="5" count="0" type="stmt"/>
        <line num="18" count="0" type="stmt"/>
      </file>
      <file name="storage.ts" path="C:\Users\ezedi\Documents\uma\fe\lib\storage.ts">
        <metrics statements="27" coveredstatements="0" conditionals="9" coveredconditionals="0" methods="10" coveredmethods="0"/>
        <line num="4" count="0" type="stmt"/>
        <line num="7" count="0" type="stmt"/>
        <line num="16" count="0" type="stmt"/>
        <line num="23" count="0" type="stmt"/>
        <line num="32" count="0" type="stmt"/>
        <line num="41" count="0" type="stmt"/>
        <line num="42" count="0" type="stmt"/>
        <line num="47" count="0" type="stmt"/>
        <line num="48" count="0" type="stmt"/>
        <line num="50" count="0" type="stmt"/>
        <line num="55" count="0" type="stmt"/>
        <line num="56" count="0" type="stmt"/>
        <line num="57" count="0" type="cond" truecount="0" falsecount="2"/>
        <line num="59" count="0" type="stmt"/>
        <line num="60" count="0" type="stmt"/>
        <line num="65" count="0" type="stmt"/>
        <line num="66" count="0" type="stmt"/>
        <line num="68" count="0" type="stmt"/>
        <line num="74" count="0" type="stmt"/>
        <line num="79" count="0" type="stmt"/>
        <line num="83" count="0" type="stmt"/>
        <line num="84" count="0" type="cond" truecount="0" falsecount="2"/>
        <line num="87" count="0" type="cond" truecount="0" falsecount="2"/>
        <line num="88" count="0" type="stmt"/>
        <line num="89" count="0" type="stmt"/>
        <line num="92" count="0" type="stmt"/>
        <line num="97" count="0" type="stmt"/>
      </file>
    </package>
  </project>
</coverage>
