{"C:\\Users\\ezedi\\Documents\\uma\\fe\\app\\_layout.tsx": {"path":"C:\\Users\\ezedi\\Documents\\uma\\fe\\app\\_layout.tsx","statementMap":{"0":{"start":{"line":8,"column":0},"end":{"line":8,"column":36}},"1":{"start":{"line":11,"column":17},"end":{"line":11,"column":28}},"2":{"start":{"line":12,"column":19},"end":{"line":12,"column":32}},"3":{"start":{"line":13,"column":32},"end":{"line":13,"column":47}},"4":{"start":{"line":15,"column":37},"end":{"line":64,"column":24}},"5":{"start":{"line":16,"column":4},"end":{"line":63,"column":5}},"6":{"start":{"line":18,"column":6},"end":{"line":47,"column":7}},"7":{"start":{"line":19,"column":21},"end":{"line":19,"column":41}},"8":{"start":{"line":20,"column":8},"end":{"line":46,"column":9}},"9":{"start":{"line":21,"column":10},"end":{"line":21,"column":60}},"10":{"start":{"line":24,"column":25},"end":{"line":24,"column":63}},"11":{"start":{"line":25,"column":24},"end":{"line":25,"column":43}},"12":{"start":{"line":26,"column":25},"end":{"line":26,"column":45}},"13":{"start":{"line":27,"column":27},"end":{"line":27,"column":49}},"14":{"start":{"line":28,"column":24},"end":{"line":28,"column":43}},"15":{"start":{"line":30,"column":10},"end":{"line":45,"column":11}},"16":{"start":{"line":32,"column":12},"end":{"line":37,"column":14}},"17":{"start":{"line":40,"column":12},"end":{"line":40,"column":76}},"18":{"start":{"line":42,"column":12},"end":{"line":42,"column":68}},"19":{"start":{"line":43,"column":12},"end":{"line":43,"column":44}},"20":{"start":{"line":44,"column":12},"end":{"line":44,"column":19}},"21":{"start":{"line":50,"column":19},"end":{"line":50,"column":42}},"22":{"start":{"line":51,"column":27},"end":{"line":51,"column":69}},"23":{"start":{"line":53,"column":6},"end":{"line":59,"column":7}},"24":{"start":{"line":54,"column":8},"end":{"line":54,"column":85}},"25":{"start":{"line":55,"column":8},"end":{"line":55,"column":38}},"26":{"start":{"line":56,"column":13},"end":{"line":59,"column":7}},"27":{"start":{"line":57,"column":8},"end":{"line":57,"column":68}},"28":{"start":{"line":58,"column":8},"end":{"line":58,"column":28}},"29":{"start":{"line":61,"column":6},"end":{"line":61,"column":23}},"30":{"start":{"line":62,"column":6},"end":{"line":62,"column":31}},"31":{"start":{"line":66,"column":25},"end":{"line":94,"column":14}},"32":{"start":{"line":67,"column":4},"end":{"line":67,"column":44}},"33":{"start":{"line":68,"column":4},"end":{"line":93,"column":5}},"34":{"start":{"line":69,"column":46},"end":{"line":69,"column":64}},"35":{"start":{"line":73,"column":6},"end":{"line":90,"column":7}},"36":{"start":{"line":74,"column":8},"end":{"line":74,"column":61}},"37":{"start":{"line":77,"column":8},"end":{"line":82,"column":10}},"38":{"start":{"line":84,"column":8},"end":{"line":84,"column":53}},"39":{"start":{"line":87,"column":8},"end":{"line":87,"column":40}},"40":{"start":{"line":89,"column":8},"end":{"line":89,"column":79}},"41":{"start":{"line":92,"column":6},"end":{"line":92,"column":56}},"42":{"start":{"line":96,"column":2},"end":{"line":119,"column":51}},"43":{"start":{"line":97,"column":4},"end":{"line":118,"column":5}},"44":{"start":{"line":99,"column":6},"end":{"line":99,"column":35}},"45":{"start":{"line":102,"column":6},"end":{"line":102,"column":51}},"46":{"start":{"line":103,"column":27},"end":{"line":105,"column":8}},"47":{"start":{"line":104,"column":8},"end":{"line":104,"column":28}},"48":{"start":{"line":108,"column":6},"end":{"line":112,"column":9}},"49":{"start":{"line":109,"column":8},"end":{"line":111,"column":9}},"50":{"start":{"line":110,"column":10},"end":{"line":110,"column":30}},"51":{"start":{"line":115,"column":6},"end":{"line":115,"column":35}},"52":{"start":{"line":117,"column":6},"end":{"line":117,"column":41}},"53":{"start":{"line":117,"column":19},"end":{"line":117,"column":40}},"54":{"start":{"line":121,"column":2},"end":{"line":123,"column":3}},"55":{"start":{"line":122,"column":4},"end":{"line":122,"column":16}},"56":{"start":{"line":125,"column":2},"end":{"line":150,"column":4}}},"fnMap":{"0":{"name":"RootLayout","decl":{"start":{"line":10,"column":24},"end":{"line":10,"column":34}},"loc":{"start":{"line":10,"column":37},"end":{"line":151,"column":1}},"line":10},"1":{"name":"(anonymous_1)","decl":{"start":{"line":15,"column":49},"end":{"line":15,"column":50}},"loc":{"start":{"line":15,"column":61},"end":{"line":64,"column":3}},"line":15},"2":{"name":"(anonymous_2)","decl":{"start":{"line":66,"column":37},"end":{"line":66,"column":38}},"loc":{"start":{"line":66,"column":60},"end":{"line":94,"column":3}},"line":66},"3":{"name":"(anonymous_3)","decl":{"start":{"line":96,"column":12},"end":{"line":96,"column":13}},"loc":{"start":{"line":96,"column":18},"end":{"line":119,"column":3}},"line":96},"4":{"name":"(anonymous_4)","decl":{"start":{"line":103,"column":59},"end":{"line":103,"column":60}},"loc":{"start":{"line":103,"column":72},"end":{"line":105,"column":7}},"line":103},"5":{"name":"(anonymous_5)","decl":{"start":{"line":108,"column":35},"end":{"line":108,"column":36}},"loc":{"start":{"line":108,"column":44},"end":{"line":112,"column":7}},"line":108},"6":{"name":"(anonymous_6)","decl":{"start":{"line":117,"column":13},"end":{"line":117,"column":14}},"loc":{"start":{"line":117,"column":19},"end":{"line":117,"column":40}},"line":117}},"branchMap":{"0":{"loc":{"start":{"line":18,"column":6},"end":{"line":47,"column":7}},"type":"if","locations":[{"start":{"line":18,"column":6},"end":{"line":47,"column":7}},{"start":{},"end":{}}],"line":18},"1":{"loc":{"start":{"line":18,"column":10},"end":{"line":18,"column":64}},"type":"binary-expr","locations":[{"start":{"line":18,"column":10},"end":{"line":18,"column":31}},{"start":{"line":18,"column":35},"end":{"line":18,"column":64}}],"line":18},"2":{"loc":{"start":{"line":20,"column":8},"end":{"line":46,"column":9}},"type":"if","locations":[{"start":{"line":20,"column":8},"end":{"line":46,"column":9}},{"start":{},"end":{}}],"line":20},"3":{"loc":{"start":{"line":30,"column":10},"end":{"line":45,"column":11}},"type":"if","locations":[{"start":{"line":30,"column":10},"end":{"line":45,"column":11}},{"start":{},"end":{}}],"line":30},"4":{"loc":{"start":{"line":30,"column":14},"end":{"line":30,"column":29}},"type":"binary-expr","locations":[{"start":{"line":30,"column":14},"end":{"line":30,"column":19}},{"start":{"line":30,"column":23},"end":{"line":30,"column":29}}],"line":30},"5":{"loc":{"start":{"line":35,"column":14},"end":{"line":35,"column":28}},"type":"binary-expr","locations":[{"start":{"line":35,"column":14},"end":{"line":35,"column":22}},{"start":{"line":35,"column":26},"end":{"line":35,"column":28}}],"line":35},"6":{"loc":{"start":{"line":36,"column":14},"end":{"line":36,"column":25}},"type":"binary-expr","locations":[{"start":{"line":36,"column":14},"end":{"line":36,"column":19}},{"start":{"line":36,"column":23},"end":{"line":36,"column":25}}],"line":36},"7":{"loc":{"start":{"line":51,"column":27},"end":{"line":51,"column":69}},"type":"binary-expr","locations":[{"start":{"line":51,"column":27},"end":{"line":51,"column":43}},{"start":{"line":51,"column":47},"end":{"line":51,"column":69}}],"line":51},"8":{"loc":{"start":{"line":53,"column":6},"end":{"line":59,"column":7}},"type":"if","locations":[{"start":{"line":53,"column":6},"end":{"line":59,"column":7}},{"start":{"line":56,"column":13},"end":{"line":59,"column":7}}],"line":53},"9":{"loc":{"start":{"line":53,"column":10},"end":{"line":53,"column":37}},"type":"binary-expr","locations":[{"start":{"line":53,"column":10},"end":{"line":53,"column":21}},{"start":{"line":53,"column":25},"end":{"line":53,"column":37}}],"line":53},"10":{"loc":{"start":{"line":56,"column":13},"end":{"line":59,"column":7}},"type":"if","locations":[{"start":{"line":56,"column":13},"end":{"line":59,"column":7}},{"start":{},"end":{}}],"line":56},"11":{"loc":{"start":{"line":56,"column":17},"end":{"line":56,"column":46}},"type":"binary-expr","locations":[{"start":{"line":56,"column":17},"end":{"line":56,"column":29}},{"start":{"line":56,"column":33},"end":{"line":56,"column":46}}],"line":56},"12":{"loc":{"start":{"line":73,"column":6},"end":{"line":90,"column":7}},"type":"if","locations":[{"start":{"line":73,"column":6},"end":{"line":90,"column":7}},{"start":{"line":88,"column":13},"end":{"line":90,"column":7}}],"line":73},"13":{"loc":{"start":{"line":73,"column":10},"end":{"line":73,"column":110}},"type":"binary-expr","locations":[{"start":{"line":73,"column":11},"end":{"line":73,"column":30}},{"start":{"line":73,"column":34},"end":{"line":73,"column":59}},{"start":{"line":73,"column":63},"end":{"line":73,"column":87}},{"start":{"line":73,"column":92},"end":{"line":73,"column":110}}],"line":73},"14":{"loc":{"start":{"line":80,"column":10},"end":{"line":80,"column":48}},"type":"binary-expr","locations":[{"start":{"line":80,"column":11},"end":{"line":80,"column":41}},{"start":{"line":80,"column":46},"end":{"line":80,"column":48}}],"line":80},"15":{"loc":{"start":{"line":81,"column":10},"end":{"line":81,"column":45}},"type":"binary-expr","locations":[{"start":{"line":81,"column":11},"end":{"line":81,"column":38}},{"start":{"line":81,"column":43},"end":{"line":81,"column":45}}],"line":81},"16":{"loc":{"start":{"line":97,"column":4},"end":{"line":118,"column":5}},"type":"if","locations":[{"start":{"line":97,"column":4},"end":{"line":118,"column":5}},{"start":{"line":100,"column":11},"end":{"line":118,"column":5}}],"line":97},"17":{"loc":{"start":{"line":109,"column":8},"end":{"line":111,"column":9}},"type":"if","locations":[{"start":{"line":109,"column":8},"end":{"line":111,"column":9}},{"start":{},"end":{}}],"line":109},"18":{"loc":{"start":{"line":121,"column":2},"end":{"line":123,"column":3}},"type":"if","locations":[{"start":{"line":121,"column":2},"end":{"line":123,"column":3}},{"start":{},"end":{}}],"line":121}},"s":{"0":0,"1":0,"2":0,"3":0,"4":0,"5":0,"6":0,"7":0,"8":0,"9":0,"10":0,"11":0,"12":0,"13":0,"14":0,"15":0,"16":0,"17":0,"18":0,"19":0,"20":0,"21":0,"22":0,"23":0,"24":0,"25":0,"26":0,"27":0,"28":0,"29":0,"30":0,"31":0,"32":0,"33":0,"34":0,"35":0,"36":0,"37":0,"38":0,"39":0,"40":0,"41":0,"42":0,"43":0,"44":0,"45":0,"46":0,"47":0,"48":0,"49":0,"50":0,"51":0,"52":0,"53":0,"54":0,"55":0,"56":0},"f":{"0":0,"1":0,"2":0,"3":0,"4":0,"5":0,"6":0},"b":{"0":[0,0],"1":[0,0],"2":[0,0],"3":[0,0],"4":[0,0],"5":[0,0],"6":[0,0],"7":[0,0],"8":[0,0],"9":[0,0],"10":[0,0],"11":[0,0],"12":[0,0],"13":[0,0,0,0],"14":[0,0],"15":[0,0],"16":[0,0],"17":[0,0],"18":[0,0]}}
,"C:\\Users\\ezedi\\Documents\\uma\\fe\\app\\inbox.tsx": {"path":"C:\\Users\\ezedi\\Documents\\uma\\fe\\app\\inbox.tsx","statementMap":{"0":{"start":{"line":17,"column":36},"end":{"line":17,"column":48}},"1":{"start":{"line":18,"column":40},"end":{"line":18,"column":52}},"2":{"start":{"line":19,"column":34},"end":{"line":19,"column":49}},"3":{"start":{"line":20,"column":34},"end":{"line":20,"column":56}},"4":{"start":{"line":21,"column":32},"end":{"line":21,"column":61}},"5":{"start":{"line":23,"column":4},"end":{"line":25,"column":11}},"6":{"start":{"line":24,"column":8},"end":{"line":24,"column":23}},"7":{"start":{"line":28,"column":25},"end":{"line":34,"column":5}},"8":{"start":{"line":29,"column":21},"end":{"line":29,"column":44}},"9":{"start":{"line":30,"column":8},"end":{"line":32,"column":9}},"10":{"start":{"line":31,"column":12},"end":{"line":31,"column":39}},"11":{"start":{"line":33,"column":8},"end":{"line":33,"column":54}},"12":{"start":{"line":36,"column":36},"end":{"line":62,"column":5}},"13":{"start":{"line":37,"column":8},"end":{"line":37,"column":25}},"14":{"start":{"line":38,"column":8},"end":{"line":61,"column":9}},"15":{"start":{"line":40,"column":35},"end":{"line":44,"column":13}},"16":{"start":{"line":45,"column":36},"end":{"line":45,"column":63}},"17":{"start":{"line":46,"column":12},"end":{"line":46,"column":72}},"18":{"start":{"line":47,"column":27},"end":{"line":47,"column":45}},"19":{"start":{"line":48,"column":12},"end":{"line":48,"column":30}},"20":{"start":{"line":51,"column":40},"end":{"line":53,"column":13}},"21":{"start":{"line":54,"column":51},"end":{"line":54,"column":83}},"22":{"start":{"line":55,"column":12},"end":{"line":55,"column":87}},"23":{"start":{"line":56,"column":12},"end":{"line":56,"column":45}},"24":{"start":{"line":58,"column":12},"end":{"line":58,"column":63}},"25":{"start":{"line":60,"column":12},"end":{"line":60,"column":30}},"26":{"start":{"line":64,"column":32},"end":{"line":103,"column":5}},"27":{"start":{"line":65,"column":8},"end":{"line":102,"column":9}},"28":{"start":{"line":67,"column":30},"end":{"line":71,"column":13}},"29":{"start":{"line":72,"column":31},"end":{"line":72,"column":53}},"30":{"start":{"line":73,"column":12},"end":{"line":73,"column":41}},"31":{"start":{"line":74,"column":12},"end":{"line":74,"column":67}},"32":{"start":{"line":75,"column":29},"end":{"line":75,"column":42}},"33":{"start":{"line":78,"column":30},"end":{"line":83,"column":13}},"34":{"start":{"line":85,"column":12},"end":{"line":87,"column":14}},"35":{"start":{"line":89,"column":12},"end":{"line":97,"column":13}},"36":{"start":{"line":91,"column":16},"end":{"line":91,"column":81}},"37":{"start":{"line":93,"column":16},"end":{"line":93,"column":50}},"38":{"start":{"line":95,"column":34},"end":{"line":95,"column":56}},"39":{"start":{"line":96,"column":16},"end":{"line":96,"column":86}},"40":{"start":{"line":101,"column":12},"end":{"line":101,"column":68}},"41":{"start":{"line":105,"column":23},"end":{"line":115,"column":5}},"42":{"start":{"line":106,"column":8},"end":{"line":114,"column":27}},"43":{"start":{"line":106,"column":67},"end":{"line":106,"column":92}},"44":{"start":{"line":117,"column":4},"end":{"line":138,"column":6}},"45":{"start":{"line":122,"column":31},"end":{"line":122,"column":60}},"46":{"start":{"line":132,"column":53},"end":{"line":132,"column":69}},"47":{"start":{"line":142,"column":15},"end":{"line":283,"column":2}}},"fnMap":{"0":{"name":"InboxPage","decl":{"start":{"line":16,"column":24},"end":{"line":16,"column":33}},"loc":{"start":{"line":16,"column":36},"end":{"line":140,"column":1}},"line":16},"1":{"name":"(anonymous_1)","decl":{"start":{"line":23,"column":14},"end":{"line":23,"column":15}},"loc":{"start":{"line":23,"column":20},"end":{"line":25,"column":5}},"line":23},"2":{"name":"(anonymous_2)","decl":{"start":{"line":28,"column":25},"end":{"line":28,"column":26}},"loc":{"start":{"line":28,"column":37},"end":{"line":34,"column":5}},"line":28},"3":{"name":"(anonymous_3)","decl":{"start":{"line":36,"column":36},"end":{"line":36,"column":37}},"loc":{"start":{"line":36,"column":63},"end":{"line":62,"column":5}},"line":36},"4":{"name":"(anonymous_4)","decl":{"start":{"line":64,"column":32},"end":{"line":64,"column":33}},"loc":{"start":{"line":64,"column":62},"end":{"line":103,"column":5}},"line":64},"5":{"name":"(anonymous_5)","decl":{"start":{"line":105,"column":23},"end":{"line":105,"column":24}},"loc":{"start":{"line":106,"column":8},"end":{"line":114,"column":27}},"line":106},"6":{"name":"(anonymous_6)","decl":{"start":{"line":106,"column":61},"end":{"line":106,"column":62}},"loc":{"start":{"line":106,"column":67},"end":{"line":106,"column":92}},"line":106},"7":{"name":"(anonymous_7)","decl":{"start":{"line":122,"column":25},"end":{"line":122,"column":26}},"loc":{"start":{"line":122,"column":31},"end":{"line":122,"column":60}},"line":122},"8":{"name":"(anonymous_8)","decl":{"start":{"line":132,"column":30},"end":{"line":132,"column":31}},"loc":{"start":{"line":132,"column":53},"end":{"line":132,"column":69}},"line":132}},"branchMap":{"0":{"loc":{"start":{"line":30,"column":8},"end":{"line":32,"column":9}},"type":"if","locations":[{"start":{"line":30,"column":8},"end":{"line":32,"column":9}},{"start":{},"end":{}}],"line":30},"1":{"loc":{"start":{"line":33,"column":32},"end":{"line":33,"column":52}},"type":"binary-expr","locations":[{"start":{"line":33,"column":32},"end":{"line":33,"column":46}},{"start":{"line":33,"column":50},"end":{"line":33,"column":52}}],"line":33},"2":{"loc":{"start":{"line":89,"column":12},"end":{"line":97,"column":13}},"type":"if","locations":[{"start":{"line":89,"column":12},"end":{"line":97,"column":13}},{"start":{"line":94,"column":19},"end":{"line":97,"column":13}}],"line":89},"3":{"loc":{"start":{"line":96,"column":32},"end":{"line":96,"column":84}},"type":"binary-expr","locations":[{"start":{"line":96,"column":32},"end":{"line":96,"column":47}},{"start":{"line":96,"column":51},"end":{"line":96,"column":84}}],"line":96}},"s":{"0":25,"1":25,"2":25,"3":25,"4":25,"5":25,"6":12,"7":25,"8":12,"9":12,"10":12,"11":12,"12":25,"13":13,"14":13,"15":13,"16":12,"17":12,"18":12,"19":12,"20":12,"21":11,"22":11,"23":11,"24":1,"25":12,"26":25,"27":1,"28":1,"29":1,"30":1,"31":1,"32":1,"33":1,"34":1,"35":1,"36":1,"37":1,"38":0,"39":0,"40":0,"41":25,"42":4,"43":1,"44":25,"45":0,"46":7,"47":1},"f":{"0":25,"1":12,"2":12,"3":13,"4":1,"5":4,"6":1,"7":0,"8":7},"b":{"0":[12,0],"1":[12,0],"2":[1,0],"3":[0,0]},"_coverageSchema":"1a1c01bbd47fc00a2c39e90264f33305004495a9","hash":"f9838c80e2e3e56093b2d3036a9fdf931e2cf87b"}
,"C:\\Users\\ezedi\\Documents\\uma\\fe\\app\\index.tsx": {"path":"C:\\Users\\ezedi\\Documents\\uma\\fe\\app\\index.tsx","statementMap":{"0":{"start":{"line":12,"column":53},"end":{"line":12,"column":77}},"1":{"start":{"line":14,"column":21},"end":{"line":68,"column":1}},"2":{"start":{"line":15,"column":21},"end":{"line":15,"column":60}},"3":{"start":{"line":16,"column":19},"end":{"line":16,"column":56}},"4":{"start":{"line":18,"column":2},"end":{"line":45,"column":9}},"5":{"start":{"line":19,"column":27},"end":{"line":42,"column":5}},"6":{"start":{"line":20,"column":6},"end":{"line":20,"column":31}},"7":{"start":{"line":21,"column":6},"end":{"line":21,"column":27}},"8":{"start":{"line":23,"column":6},"end":{"line":41,"column":9}},"9":{"start":{"line":40,"column":8},"end":{"line":40,"column":30}},"10":{"start":{"line":44,"column":4},"end":{"line":44,"column":25}},"11":{"start":{"line":47,"column":28},"end":{"line":50,"column":4}},"12":{"start":{"line":52,"column":2},"end":{"line":67,"column":4}},"13":{"start":{"line":71,"column":17},"end":{"line":71,"column":28}},"14":{"start":{"line":73,"column":34},"end":{"line":73,"column":46}},"15":{"start":{"line":74,"column":34},"end":{"line":74,"column":46}},"16":{"start":{"line":75,"column":42},"end":{"line":75,"column":57}},"17":{"start":{"line":76,"column":38},"end":{"line":76,"column":50}},"18":{"start":{"line":77,"column":42},"end":{"line":77,"column":54}},"19":{"start":{"line":78,"column":42},"end":{"line":78,"column":77}},"20":{"start":{"line":79,"column":44},"end":{"line":79,"column":167}},"21":{"start":{"line":81,"column":2},"end":{"line":99,"column":9}},"22":{"start":{"line":83,"column":23},"end":{"line":88,"column":5}},"23":{"start":{"line":90,"column":19},"end":{"line":97,"column":7}},"24":{"start":{"line":90,"column":57},"end":{"line":97,"column":5}},"25":{"start":{"line":98,"column":4},"end":{"line":98,"column":29}},"26":{"start":{"line":101,"column":20},"end":{"line":106,"column":3}},"27":{"start":{"line":102,"column":4},"end":{"line":102,"column":25}},"28":{"start":{"line":103,"column":4},"end":{"line":103,"column":29}},"29":{"start":{"line":104,"column":4},"end":{"line":104,"column":40}},"30":{"start":{"line":104,"column":26},"end":{"line":104,"column":38}},"31":{"start":{"line":105,"column":4},"end":{"line":105,"column":26}},"32":{"start":{"line":108,"column":27},"end":{"line":113,"column":3}},"33":{"start":{"line":109,"column":4},"end":{"line":109,"column":27}},"34":{"start":{"line":110,"column":4},"end":{"line":112,"column":5}},"35":{"start":{"line":111,"column":6},"end":{"line":111,"column":21}},"36":{"start":{"line":115,"column":22},"end":{"line":121,"column":3}},"37":{"start":{"line":117,"column":4},"end":{"line":117,"column":44}},"38":{"start":{"line":117,"column":31},"end":{"line":117,"column":44}},"39":{"start":{"line":118,"column":4},"end":{"line":118,"column":44}},"40":{"start":{"line":118,"column":31},"end":{"line":118,"column":44}},"41":{"start":{"line":119,"column":4},"end":{"line":119,"column":52}},"42":{"start":{"line":119,"column":35},"end":{"line":119,"column":52}},"43":{"start":{"line":120,"column":4},"end":{"line":120,"column":21}},"44":{"start":{"line":123,"column":25},"end":{"line":125,"column":3}},"45":{"start":{"line":124,"column":4},"end":{"line":124,"column":34}},"46":{"start":{"line":127,"column":22},"end":{"line":154,"column":3}},"47":{"start":{"line":128,"column":4},"end":{"line":131,"column":5}},"48":{"start":{"line":129,"column":6},"end":{"line":129,"column":68}},"49":{"start":{"line":130,"column":6},"end":{"line":130,"column":13}},"50":{"start":{"line":133,"column":4},"end":{"line":152,"column":5}},"51":{"start":{"line":134,"column":23},"end":{"line":140,"column":8}},"52":{"start":{"line":141,"column":19},"end":{"line":141,"column":40}},"53":{"start":{"line":142,"column":6},"end":{"line":145,"column":7}},"54":{"start":{"line":143,"column":8},"end":{"line":143,"column":80}},"55":{"start":{"line":144,"column":8},"end":{"line":144,"column":15}},"56":{"start":{"line":147,"column":6},"end":{"line":147,"column":81}},"57":{"start":{"line":148,"column":6},"end":{"line":148,"column":102}},"58":{"start":{"line":148,"column":69},"end":{"line":148,"column":100}},"59":{"start":{"line":150,"column":6},"end":{"line":150,"column":43}},"60":{"start":{"line":151,"column":6},"end":{"line":151,"column":78}},"61":{"start":{"line":156,"column":27},"end":{"line":158,"column":3}},"62":{"start":{"line":157,"column":4},"end":{"line":157,"column":30}},"63":{"start":{"line":160,"column":28},"end":{"line":174,"column":3}},"64":{"start":{"line":161,"column":21},"end":{"line":161,"column":34}},"65":{"start":{"line":162,"column":26},"end":{"line":162,"column":92}},"66":{"start":{"line":164,"column":4},"end":{"line":173,"column":5}},"67":{"start":{"line":165,"column":6},"end":{"line":165,"column":43}},"68":{"start":{"line":166,"column":11},"end":{"line":173,"column":5}},"69":{"start":{"line":168,"column":6},"end":{"line":172,"column":9}},"70":{"start":{"line":169,"column":8},"end":{"line":169,"column":31}},"71":{"start":{"line":171,"column":8},"end":{"line":171,"column":52}},"72":{"start":{"line":176,"column":28},"end":{"line":189,"column":3}},"73":{"start":{"line":177,"column":21},"end":{"line":177,"column":34}},"74":{"start":{"line":178,"column":26},"end":{"line":178,"column":92}},"75":{"start":{"line":179,"column":4},"end":{"line":188,"column":5}},"76":{"start":{"line":180,"column":6},"end":{"line":180,"column":43}},"77":{"start":{"line":181,"column":11},"end":{"line":188,"column":5}},"78":{"start":{"line":183,"column":6},"end":{"line":187,"column":9}},"79":{"start":{"line":184,"column":8},"end":{"line":184,"column":31}},"80":{"start":{"line":186,"column":8},"end":{"line":186,"column":52}},"81":{"start":{"line":191,"column":2},"end":{"line":265,"column":4}},"82":{"start":{"line":195,"column":8},"end":{"line":203,"column":10}},"83":{"start":{"line":268,"column":15},"end":{"line":407,"column":2}}},"fnMap":{"0":{"name":"(anonymous_0)","decl":{"start":{"line":14,"column":21},"end":{"line":14,"column":22}},"loc":{"start":{"line":14,"column":209},"end":{"line":68,"column":1}},"line":14},"1":{"name":"(anonymous_1)","decl":{"start":{"line":18,"column":12},"end":{"line":18,"column":13}},"loc":{"start":{"line":18,"column":18},"end":{"line":45,"column":3}},"line":18},"2":{"name":"(anonymous_2)","decl":{"start":{"line":19,"column":27},"end":{"line":19,"column":28}},"loc":{"start":{"line":19,"column":50},"end":{"line":42,"column":5}},"line":19},"3":{"name":"(anonymous_3)","decl":{"start":{"line":39,"column":15},"end":{"line":39,"column":16}},"loc":{"start":{"line":39,"column":21},"end":{"line":41,"column":7}},"line":39},"4":{"name":"Index","decl":{"start":{"line":70,"column":24},"end":{"line":70,"column":29}},"loc":{"start":{"line":70,"column":32},"end":{"line":266,"column":1}},"line":70},"5":{"name":"(anonymous_5)","decl":{"start":{"line":81,"column":12},"end":{"line":81,"column":13}},"loc":{"start":{"line":81,"column":18},"end":{"line":99,"column":3}},"line":81},"6":{"name":"(anonymous_6)","decl":{"start":{"line":90,"column":46},"end":{"line":90,"column":47}},"loc":{"start":{"line":90,"column":57},"end":{"line":97,"column":5}},"line":90},"7":{"name":"(anonymous_7)","decl":{"start":{"line":101,"column":20},"end":{"line":101,"column":21}},"loc":{"start":{"line":101,"column":75},"end":{"line":106,"column":3}},"line":101},"8":{"name":"(anonymous_8)","decl":{"start":{"line":104,"column":20},"end":{"line":104,"column":21}},"loc":{"start":{"line":104,"column":26},"end":{"line":104,"column":38}},"line":104},"9":{"name":"(anonymous_9)","decl":{"start":{"line":108,"column":27},"end":{"line":108,"column":28}},"loc":{"start":{"line":108,"column":33},"end":{"line":113,"column":3}},"line":108},"10":{"name":"(anonymous_10)","decl":{"start":{"line":115,"column":22},"end":{"line":115,"column":23}},"loc":{"start":{"line":115,"column":28},"end":{"line":121,"column":3}},"line":115},"11":{"name":"(anonymous_11)","decl":{"start":{"line":123,"column":25},"end":{"line":123,"column":26}},"loc":{"start":{"line":123,"column":31},"end":{"line":125,"column":3}},"line":123},"12":{"name":"(anonymous_12)","decl":{"start":{"line":127,"column":22},"end":{"line":127,"column":23}},"loc":{"start":{"line":127,"column":34},"end":{"line":154,"column":3}},"line":127},"13":{"name":"(anonymous_13)","decl":{"start":{"line":148,"column":63},"end":{"line":148,"column":64}},"loc":{"start":{"line":148,"column":69},"end":{"line":148,"column":100}},"line":148},"14":{"name":"(anonymous_14)","decl":{"start":{"line":156,"column":27},"end":{"line":156,"column":28}},"loc":{"start":{"line":156,"column":33},"end":{"line":158,"column":3}},"line":156},"15":{"name":"(anonymous_15)","decl":{"start":{"line":160,"column":28},"end":{"line":160,"column":29}},"loc":{"start":{"line":160,"column":34},"end":{"line":174,"column":3}},"line":160},"16":{"name":"(anonymous_16)","decl":{"start":{"line":168,"column":34},"end":{"line":168,"column":35}},"loc":{"start":{"line":168,"column":51},"end":{"line":170,"column":7}},"line":168},"17":{"name":"(anonymous_17)","decl":{"start":{"line":170,"column":15},"end":{"line":170,"column":16}},"loc":{"start":{"line":170,"column":26},"end":{"line":172,"column":7}},"line":170},"18":{"name":"(anonymous_18)","decl":{"start":{"line":176,"column":28},"end":{"line":176,"column":29}},"loc":{"start":{"line":176,"column":34},"end":{"line":189,"column":3}},"line":176},"19":{"name":"(anonymous_19)","decl":{"start":{"line":183,"column":34},"end":{"line":183,"column":35}},"loc":{"start":{"line":183,"column":51},"end":{"line":185,"column":7}},"line":183},"20":{"name":"(anonymous_20)","decl":{"start":{"line":185,"column":15},"end":{"line":185,"column":16}},"loc":{"start":{"line":185,"column":26},"end":{"line":187,"column":7}},"line":185},"21":{"name":"(anonymous_21)","decl":{"start":{"line":194,"column":25},"end":{"line":194,"column":26}},"loc":{"start":{"line":195,"column":8},"end":{"line":203,"column":10}},"line":195}},"branchMap":{"0":{"loc":{"start":{"line":19,"column":28},"end":{"line":19,"column":45}},"type":"default-arg","locations":[{"start":{"line":19,"column":41},"end":{"line":19,"column":45}}],"line":19},"1":{"loc":{"start":{"line":24,"column":23},"end":{"line":24,"column":45}},"type":"cond-expr","locations":[{"start":{"line":24,"column":36},"end":{"line":24,"column":41}},{"start":{"line":24,"column":44},"end":{"line":24,"column":45}}],"line":24},"2":{"loc":{"start":{"line":33,"column":21},"end":{"line":33,"column":41}},"type":"cond-expr","locations":[{"start":{"line":33,"column":35},"end":{"line":33,"column":37}},{"start":{"line":33,"column":40},"end":{"line":33,"column":41}}],"line":33},"3":{"loc":{"start":{"line":48,"column":16},"end":{"line":48,"column":46}},"type":"cond-expr","locations":[{"start":{"line":48,"column":30},"end":{"line":48,"column":37}},{"start":{"line":48,"column":40},"end":{"line":48,"column":46}}],"line":48},"4":{"loc":{"start":{"line":49,"column":17},"end":{"line":49,"column":71}},"type":"cond-expr","locations":[{"start":{"line":49,"column":31},"end":{"line":49,"column":50}},{"start":{"line":49,"column":53},"end":{"line":49,"column":71}}],"line":49},"5":{"loc":{"start":{"line":104,"column":26},"end":{"line":104,"column":38}},"type":"binary-expr","locations":[{"start":{"line":104,"column":26},"end":{"line":104,"column":30}},{"start":{"line":104,"column":34},"end":{"line":104,"column":38}}],"line":104},"6":{"loc":{"start":{"line":110,"column":4},"end":{"line":112,"column":5}},"type":"if","locations":[{"start":{"line":110,"column":4},"end":{"line":112,"column":5}},{"start":{},"end":{}}],"line":110},"7":{"loc":{"start":{"line":117,"column":4},"end":{"line":117,"column":44}},"type":"if","locations":[{"start":{"line":117,"column":4},"end":{"line":117,"column":44}},{"start":{},"end":{}}],"line":117},"8":{"loc":{"start":{"line":118,"column":4},"end":{"line":118,"column":44}},"type":"if","locations":[{"start":{"line":118,"column":4},"end":{"line":118,"column":44}},{"start":{},"end":{}}],"line":118},"9":{"loc":{"start":{"line":119,"column":4},"end":{"line":119,"column":52}},"type":"if","locations":[{"start":{"line":119,"column":4},"end":{"line":119,"column":52}},{"start":{},"end":{}}],"line":119},"10":{"loc":{"start":{"line":128,"column":4},"end":{"line":131,"column":5}},"type":"if","locations":[{"start":{"line":128,"column":4},"end":{"line":131,"column":5}},{"start":{},"end":{}}],"line":128},"11":{"loc":{"start":{"line":128,"column":7},"end":{"line":128,"column":29}},"type":"binary-expr","locations":[{"start":{"line":128,"column":7},"end":{"line":128,"column":16}},{"start":{"line":128,"column":20},"end":{"line":128,"column":29}}],"line":128},"12":{"loc":{"start":{"line":142,"column":6},"end":{"line":145,"column":7}},"type":"if","locations":[{"start":{"line":142,"column":6},"end":{"line":145,"column":7}},{"start":{},"end":{}}],"line":142},"13":{"loc":{"start":{"line":143,"column":34},"end":{"line":143,"column":78}},"type":"binary-expr","locations":[{"start":{"line":143,"column":34},"end":{"line":143,"column":44}},{"start":{"line":143,"column":48},"end":{"line":143,"column":78}}],"line":143},"14":{"loc":{"start":{"line":148,"column":27},"end":{"line":148,"column":61}},"type":"binary-expr","locations":[{"start":{"line":148,"column":27},"end":{"line":148,"column":39}},{"start":{"line":148,"column":43},"end":{"line":148,"column":61}}],"line":148},"15":{"loc":{"start":{"line":164,"column":4},"end":{"line":173,"column":5}},"type":"if","locations":[{"start":{"line":164,"column":4},"end":{"line":173,"column":5}},{"start":{"line":166,"column":11},"end":{"line":173,"column":5}}],"line":164},"16":{"loc":{"start":{"line":166,"column":11},"end":{"line":173,"column":5}},"type":"if","locations":[{"start":{"line":166,"column":11},"end":{"line":173,"column":5}},{"start":{},"end":{}}],"line":166},"17":{"loc":{"start":{"line":166,"column":14},"end":{"line":166,"column":58}},"type":"binary-expr","locations":[{"start":{"line":166,"column":14},"end":{"line":166,"column":32}},{"start":{"line":166,"column":36},"end":{"line":166,"column":58}}],"line":166},"18":{"loc":{"start":{"line":179,"column":4},"end":{"line":188,"column":5}},"type":"if","locations":[{"start":{"line":179,"column":4},"end":{"line":188,"column":5}},{"start":{"line":181,"column":11},"end":{"line":188,"column":5}}],"line":179},"19":{"loc":{"start":{"line":181,"column":11},"end":{"line":188,"column":5}},"type":"if","locations":[{"start":{"line":181,"column":11},"end":{"line":188,"column":5}},{"start":{},"end":{}}],"line":181},"20":{"loc":{"start":{"line":181,"column":14},"end":{"line":181,"column":58}},"type":"binary-expr","locations":[{"start":{"line":181,"column":14},"end":{"line":181,"column":32}},{"start":{"line":181,"column":36},"end":{"line":181,"column":58}}],"line":181}},"s":{"0":1,"1":1,"2":1200,"3":1200,"4":1200,"5":500,"6":754,"7":754,"8":754,"9":254,"10":500,"11":1200,"12":1200,"13":34,"14":34,"15":34,"16":34,"17":34,"18":34,"19":34,"20":34,"21":34,"22":10,"23":10,"24":500,"25":10,"26":34,"27":5,"28":5,"29":5,"30":5,"31":5,"32":34,"33":1,"34":1,"35":0,"36":34,"37":0,"38":0,"39":0,"40":0,"41":0,"42":0,"43":0,"44":34,"45":0,"46":34,"47":5,"48":2,"49":2,"50":3,"51":3,"52":2,"53":2,"54":1,"55":1,"56":1,"57":1,"58":0,"59":1,"60":1,"61":34,"62":0,"63":34,"64":0,"65":0,"66":0,"67":0,"68":0,"69":0,"70":0,"71":0,"72":34,"73":0,"74":0,"75":0,"76":0,"77":0,"78":0,"79":0,"80":0,"81":34,"82":1200,"83":1},"f":{"0":1200,"1":500,"2":754,"3":254,"4":34,"5":10,"6":500,"7":5,"8":5,"9":1,"10":0,"11":0,"12":5,"13":0,"14":0,"15":0,"16":0,"17":0,"18":0,"19":0,"20":0,"21":1200},"b":{"0":[0],"1":[500,254],"2":[381,373],"3":[616,584],"4":[616,584],"5":[5,4],"6":[0,1],"7":[0,0],"8":[0,0],"9":[0,0],"10":[2,3],"11":[5,3],"12":[1,1],"13":[1,0],"14":[1,0],"15":[0,0],"16":[0,0],"17":[0,0],"18":[0,0],"19":[0,0],"20":[0,0]},"_coverageSchema":"1a1c01bbd47fc00a2c39e90264f33305004495a9","hash":"4a02c1447cbea888b523248b7c0cab361765a529"}
,"C:\\Users\\ezedi\\Documents\\uma\\fe\\app\\postMaker.tsx": {"path":"C:\\Users\\ezedi\\Documents\\uma\\fe\\app\\postMaker.tsx","statementMap":{"0":{"start":{"line":9,"column":16},"end":{"line":9,"column":71}},"1":{"start":{"line":14,"column":17},"end":{"line":14,"column":36}},"2":{"start":{"line":15,"column":17},"end":{"line":15,"column":28}},"3":{"start":{"line":16,"column":34},"end":{"line":16,"column":46}},"4":{"start":{"line":17,"column":44},"end":{"line":17,"column":73}},"5":{"start":{"line":18,"column":36},"end":{"line":18,"column":51}},"6":{"start":{"line":19,"column":30},"end":{"line":19,"column":59}},"7":{"start":{"line":21,"column":2},"end":{"line":23,"column":9}},"8":{"start":{"line":22,"column":4},"end":{"line":22,"column":19}},"9":{"start":{"line":25,"column":23},"end":{"line":30,"column":3}},"10":{"start":{"line":26,"column":17},"end":{"line":26,"column":40}},"11":{"start":{"line":27,"column":4},"end":{"line":29,"column":5}},"12":{"start":{"line":28,"column":6},"end":{"line":28,"column":29}},"13":{"start":{"line":32,"column":26},"end":{"line":41,"column":3}},"14":{"start":{"line":33,"column":4},"end":{"line":40,"column":5}},"15":{"start":{"line":34,"column":23},"end":{"line":34,"column":40}},"16":{"start":{"line":35,"column":6},"end":{"line":37,"column":7}},"17":{"start":{"line":36,"column":8},"end":{"line":36,"column":35}},"18":{"start":{"line":39,"column":6},"end":{"line":39,"column":51}},"19":{"start":{"line":43,"column":23},"end":{"line":75,"column":3}},"20":{"start":{"line":44,"column":4},"end":{"line":44,"column":41}},"21":{"start":{"line":45,"column":4},"end":{"line":45,"column":23}},"22":{"start":{"line":46,"column":4},"end":{"line":74,"column":5}},"23":{"start":{"line":47,"column":6},"end":{"line":49,"column":7}},"24":{"start":{"line":48,"column":8},"end":{"line":48,"column":67}},"25":{"start":{"line":51,"column":6},"end":{"line":51,"column":90}},"26":{"start":{"line":53,"column":6},"end":{"line":53,"column":69}},"27":{"start":{"line":55,"column":6},"end":{"line":55,"column":62}},"28":{"start":{"line":57,"column":6},"end":{"line":57,"column":38}},"29":{"start":{"line":60,"column":25},"end":{"line":60,"column":48}},"30":{"start":{"line":62,"column":6},"end":{"line":64,"column":7}},"31":{"start":{"line":63,"column":8},"end":{"line":63,"column":37}},"32":{"start":{"line":66,"column":6},"end":{"line":66,"column":53}},"33":{"start":{"line":67,"column":6},"end":{"line":71,"column":9}},"34":{"start":{"line":73,"column":6},"end":{"line":73,"column":26}},"35":{"start":{"line":77,"column":21},"end":{"line":79,"column":3}},"36":{"start":{"line":78,"column":4},"end":{"line":78,"column":18}},"37":{"start":{"line":81,"column":2},"end":{"line":149,"column":4}},"38":{"start":{"line":118,"column":31},"end":{"line":118,"column":53}},"39":{"start":{"line":152,"column":15},"end":{"line":280,"column":2}}},"fnMap":{"0":{"name":"PostMaker","decl":{"start":{"line":13,"column":24},"end":{"line":13,"column":33}},"loc":{"start":{"line":13,"column":36},"end":{"line":150,"column":1}},"line":13},"1":{"name":"(anonymous_1)","decl":{"start":{"line":21,"column":12},"end":{"line":21,"column":13}},"loc":{"start":{"line":21,"column":18},"end":{"line":23,"column":3}},"line":21},"2":{"name":"(anonymous_2)","decl":{"start":{"line":25,"column":23},"end":{"line":25,"column":24}},"loc":{"start":{"line":25,"column":35},"end":{"line":30,"column":3}},"line":25},"3":{"name":"(anonymous_3)","decl":{"start":{"line":32,"column":26},"end":{"line":32,"column":27}},"loc":{"start":{"line":32,"column":38},"end":{"line":41,"column":3}},"line":32},"4":{"name":"(anonymous_4)","decl":{"start":{"line":43,"column":23},"end":{"line":43,"column":24}},"loc":{"start":{"line":43,"column":35},"end":{"line":75,"column":3}},"line":43},"5":{"name":"(anonymous_5)","decl":{"start":{"line":77,"column":21},"end":{"line":77,"column":22}},"loc":{"start":{"line":77,"column":27},"end":{"line":79,"column":3}},"line":77},"6":{"name":"(anonymous_6)","decl":{"start":{"line":118,"column":25},"end":{"line":118,"column":26}},"loc":{"start":{"line":118,"column":31},"end":{"line":118,"column":53}},"line":118}},"branchMap":{"0":{"loc":{"start":{"line":27,"column":4},"end":{"line":29,"column":5}},"type":"if","locations":[{"start":{"line":27,"column":4},"end":{"line":29,"column":5}},{"start":{},"end":{}}],"line":27},"1":{"loc":{"start":{"line":35,"column":6},"end":{"line":37,"column":7}},"type":"if","locations":[{"start":{"line":35,"column":6},"end":{"line":37,"column":7}},{"start":{},"end":{}}],"line":35},"2":{"loc":{"start":{"line":47,"column":6},"end":{"line":49,"column":7}},"type":"if","locations":[{"start":{"line":47,"column":6},"end":{"line":49,"column":7}},{"start":{},"end":{}}],"line":47},"3":{"loc":{"start":{"line":53,"column":41},"end":{"line":53,"column":67}},"type":"binary-expr","locations":[{"start":{"line":53,"column":41},"end":{"line":53,"column":54}},{"start":{"line":53,"column":58},"end":{"line":53,"column":67}}],"line":53},"4":{"loc":{"start":{"line":62,"column":6},"end":{"line":64,"column":7}},"type":"if","locations":[{"start":{"line":62,"column":6},"end":{"line":64,"column":7}},{"start":{},"end":{}}],"line":62},"5":{"loc":{"start":{"line":109,"column":9},"end":{"line":124,"column":9}},"type":"binary-expr","locations":[{"start":{"line":109,"column":9},"end":{"line":109,"column":22}},{"start":{"line":110,"column":10},"end":{"line":123,"column":17}}],"line":109},"6":{"loc":{"start":{"line":130,"column":13},"end":{"line":130,"column":57}},"type":"cond-expr","locations":[{"start":{"line":130,"column":29},"end":{"line":130,"column":43}},{"start":{"line":130,"column":46},"end":{"line":130,"column":57}}],"line":130},"7":{"loc":{"start":{"line":136,"column":39},"end":{"line":136,"column":114}},"type":"binary-expr","locations":[{"start":{"line":136,"column":41},"end":{"line":136,"column":50}},{"start":{"line":136,"column":54},"end":{"line":136,"column":68}},{"start":{"line":136,"column":73},"end":{"line":136,"column":82}},{"start":{"line":136,"column":87},"end":{"line":136,"column":114}}],"line":136},"8":{"loc":{"start":{"line":138,"column":20},"end":{"line":138,"column":62}},"type":"binary-expr","locations":[{"start":{"line":138,"column":21},"end":{"line":138,"column":30}},{"start":{"line":138,"column":34},"end":{"line":138,"column":48}},{"start":{"line":138,"column":53},"end":{"line":138,"column":62}}],"line":138},"9":{"loc":{"start":{"line":140,"column":11},"end":{"line":144,"column":11}},"type":"cond-expr","locations":[{"start":{"line":141,"column":12},"end":{"line":141,"column":46}},{"start":{"line":143,"column":12},"end":{"line":143,"column":61}}],"line":140}},"s":{"0":0,"1":0,"2":0,"3":0,"4":0,"5":0,"6":0,"7":0,"8":0,"9":0,"10":0,"11":0,"12":0,"13":0,"14":0,"15":0,"16":0,"17":0,"18":0,"19":0,"20":0,"21":0,"22":0,"23":0,"24":0,"25":0,"26":0,"27":0,"28":0,"29":0,"30":0,"31":0,"32":0,"33":0,"34":0,"35":0,"36":0,"37":0,"38":0,"39":0},"f":{"0":0,"1":0,"2":0,"3":0,"4":0,"5":0,"6":0},"b":{"0":[0,0],"1":[0,0],"2":[0,0],"3":[0,0],"4":[0,0],"5":[0,0],"6":[0,0],"7":[0,0,0,0],"8":[0,0,0],"9":[0,0]}}
,"C:\\Users\\ezedi\\Documents\\uma\\fe\\app\\profile.tsx": {"path":"C:\\Users\\ezedi\\Documents\\uma\\fe\\app\\profile.tsx","statementMap":{"0":{"start":{"line":15,"column":16},"end":{"line":15,"column":71}},"1":{"start":{"line":18,"column":27},"end":{"line":18,"column":73}},"2":{"start":{"line":19,"column":19},"end":{"line":19,"column":30}},"3":{"start":{"line":20,"column":34},"end":{"line":20,"column":49}},"4":{"start":{"line":21,"column":34},"end":{"line":21,"column":56}},"5":{"start":{"line":22,"column":43},"end":{"line":22,"column":63}},"6":{"start":{"line":24,"column":4},"end":{"line":26,"column":11}},"7":{"start":{"line":25,"column":8},"end":{"line":25,"column":23}},"8":{"start":{"line":28,"column":25},"end":{"line":33,"column":5}},"9":{"start":{"line":29,"column":21},"end":{"line":29,"column":44}},"10":{"start":{"line":30,"column":8},"end":{"line":32,"column":9}},"11":{"start":{"line":31,"column":12},"end":{"line":31,"column":39}},"12":{"start":{"line":35,"column":26},"end":{"line":55,"column":10}},"13":{"start":{"line":36,"column":8},"end":{"line":39,"column":9}},"14":{"start":{"line":37,"column":12},"end":{"line":37,"column":27}},"15":{"start":{"line":38,"column":12},"end":{"line":38,"column":19}},"16":{"start":{"line":41,"column":8},"end":{"line":41,"column":25}},"17":{"start":{"line":42,"column":8},"end":{"line":54,"column":9}},"18":{"start":{"line":43,"column":24},"end":{"line":47,"column":13}},"19":{"start":{"line":48,"column":35},"end":{"line":48,"column":51}},"20":{"start":{"line":49,"column":12},"end":{"line":49,"column":29}},"21":{"start":{"line":51,"column":12},"end":{"line":51,"column":61}},"22":{"start":{"line":53,"column":12},"end":{"line":53,"column":30}},"23":{"start":{"line":57,"column":30},"end":{"line":118,"column":37}},"24":{"start":{"line":68,"column":8},"end":{"line":116,"column":9}},"25":{"start":{"line":69,"column":12},"end":{"line":69,"column":62}},"26":{"start":{"line":72,"column":24},"end":{"line":76,"column":13}},"27":{"start":{"line":77,"column":31},"end":{"line":77,"column":47}},"28":{"start":{"line":78,"column":12},"end":{"line":78,"column":61}},"29":{"start":{"line":79,"column":29},"end":{"line":79,"column":42}},"30":{"start":{"line":82,"column":35},"end":{"line":86,"column":13}},"31":{"start":{"line":87,"column":36},"end":{"line":87,"column":63}},"32":{"start":{"line":88,"column":12},"end":{"line":88,"column":72}},"33":{"start":{"line":89,"column":27},"end":{"line":89,"column":45}},"34":{"start":{"line":91,"column":12},"end":{"line":91,"column":87}},"35":{"start":{"line":93,"column":31},"end":{"line":101,"column":13}},"36":{"start":{"line":103,"column":12},"end":{"line":103,"column":71}},"37":{"start":{"line":104,"column":33},"end":{"line":104,"column":56}},"38":{"start":{"line":105,"column":12},"end":{"line":105,"column":56}},"39":{"start":{"line":107,"column":12},"end":{"line":111,"column":13}},"40":{"start":{"line":108,"column":16},"end":{"line":108,"column":63}},"41":{"start":{"line":110,"column":16},"end":{"line":110,"column":86}},"42":{"start":{"line":114,"column":12},"end":{"line":114,"column":64}},"43":{"start":{"line":115,"column":12},"end":{"line":115,"column":46}},"44":{"start":{"line":120,"column":4},"end":{"line":124,"column":36}},"45":{"start":{"line":121,"column":8},"end":{"line":123,"column":9}},"46":{"start":{"line":122,"column":12},"end":{"line":122,"column":38}},"47":{"start":{"line":126,"column":4},"end":{"line":133,"column":5}},"48":{"start":{"line":127,"column":8},"end":{"line":132,"column":10}},"49":{"start":{"line":135,"column":4},"end":{"line":200,"column":6}},"50":{"start":{"line":142,"column":35},"end":{"line":142,"column":62}},"51":{"start":{"line":203,"column":15},"end":{"line":351,"column":2}}},"fnMap":{"0":{"name":"ProfilePage","decl":{"start":{"line":17,"column":24},"end":{"line":17,"column":35}},"loc":{"start":{"line":17,"column":38},"end":{"line":201,"column":1}},"line":17},"1":{"name":"(anonymous_1)","decl":{"start":{"line":24,"column":14},"end":{"line":24,"column":15}},"loc":{"start":{"line":24,"column":20},"end":{"line":26,"column":5}},"line":24},"2":{"name":"(anonymous_2)","decl":{"start":{"line":28,"column":25},"end":{"line":28,"column":26}},"loc":{"start":{"line":28,"column":37},"end":{"line":33,"column":5}},"line":28},"3":{"name":"(anonymous_3)","decl":{"start":{"line":35,"column":38},"end":{"line":35,"column":39}},"loc":{"start":{"line":35,"column":68},"end":{"line":55,"column":5}},"line":35},"4":{"name":"(anonymous_4)","decl":{"start":{"line":57,"column":42},"end":{"line":57,"column":43}},"loc":{"start":{"line":57,"column":54},"end":{"line":118,"column":5}},"line":57},"5":{"name":"(anonymous_5)","decl":{"start":{"line":120,"column":14},"end":{"line":120,"column":15}},"loc":{"start":{"line":120,"column":20},"end":{"line":124,"column":5}},"line":120},"6":{"name":"(anonymous_6)","decl":{"start":{"line":142,"column":29},"end":{"line":142,"column":30}},"loc":{"start":{"line":142,"column":35},"end":{"line":142,"column":62}},"line":142}},"branchMap":{"0":{"loc":{"start":{"line":30,"column":8},"end":{"line":32,"column":9}},"type":"if","locations":[{"start":{"line":30,"column":8},"end":{"line":32,"column":9}},{"start":{},"end":{}}],"line":30},"1":{"loc":{"start":{"line":36,"column":8},"end":{"line":39,"column":9}},"type":"if","locations":[{"start":{"line":36,"column":8},"end":{"line":39,"column":9}},{"start":{},"end":{}}],"line":36},"2":{"loc":{"start":{"line":36,"column":12},"end":{"line":36,"column":45}},"type":"binary-expr","locations":[{"start":{"line":36,"column":12},"end":{"line":36,"column":23}},{"start":{"line":36,"column":27},"end":{"line":36,"column":45}}],"line":36},"3":{"loc":{"start":{"line":107,"column":12},"end":{"line":111,"column":13}},"type":"if","locations":[{"start":{"line":107,"column":12},"end":{"line":111,"column":13}},{"start":{"line":109,"column":19},"end":{"line":111,"column":13}}],"line":107},"4":{"loc":{"start":{"line":110,"column":37},"end":{"line":110,"column":84}},"type":"binary-expr","locations":[{"start":{"line":110,"column":37},"end":{"line":110,"column":49}},{"start":{"line":110,"column":53},"end":{"line":110,"column":84}}],"line":110},"5":{"loc":{"start":{"line":121,"column":8},"end":{"line":123,"column":9}},"type":"if","locations":[{"start":{"line":121,"column":8},"end":{"line":123,"column":9}},{"start":{},"end":{}}],"line":121},"6":{"loc":{"start":{"line":126,"column":4},"end":{"line":133,"column":5}},"type":"if","locations":[{"start":{"line":126,"column":4},"end":{"line":133,"column":5}},{"start":{},"end":{}}],"line":126},"7":{"loc":{"start":{"line":170,"column":33},"end":{"line":170,"column":61}},"type":"binary-expr","locations":[{"start":{"line":170,"column":33},"end":{"line":170,"column":43}},{"start":{"line":170,"column":47},"end":{"line":170,"column":61}}],"line":170},"8":{"loc":{"start":{"line":184,"column":33},"end":{"line":184,"column":61}},"type":"binary-expr","locations":[{"start":{"line":184,"column":33},"end":{"line":184,"column":43}},{"start":{"line":184,"column":47},"end":{"line":184,"column":61}}],"line":184}},"s":{"0":0,"1":0,"2":0,"3":0,"4":0,"5":0,"6":0,"7":0,"8":0,"9":0,"10":0,"11":0,"12":0,"13":0,"14":0,"15":0,"16":0,"17":0,"18":0,"19":0,"20":0,"21":0,"22":0,"23":0,"24":0,"25":0,"26":0,"27":0,"28":0,"29":0,"30":0,"31":0,"32":0,"33":0,"34":0,"35":0,"36":0,"37":0,"38":0,"39":0,"40":0,"41":0,"42":0,"43":0,"44":0,"45":0,"46":0,"47":0,"48":0,"49":0,"50":0,"51":0},"f":{"0":0,"1":0,"2":0,"3":0,"4":0,"5":0,"6":0},"b":{"0":[0,0],"1":[0,0],"2":[0,0],"3":[0,0],"4":[0,0],"5":[0,0],"6":[0,0],"7":[0,0],"8":[0,0]}}
,"C:\\Users\\ezedi\\Documents\\uma\\fe\\app\\signup.tsx": {"path":"C:\\Users\\ezedi\\Documents\\uma\\fe\\app\\signup.tsx","statementMap":{"0":{"start":{"line":14,"column":53},"end":{"line":14,"column":77}},"1":{"start":{"line":16,"column":21},"end":{"line":70,"column":1}},"2":{"start":{"line":17,"column":21},"end":{"line":17,"column":60}},"3":{"start":{"line":18,"column":19},"end":{"line":18,"column":56}},"4":{"start":{"line":20,"column":2},"end":{"line":47,"column":9}},"5":{"start":{"line":21,"column":27},"end":{"line":44,"column":5}},"6":{"start":{"line":22,"column":6},"end":{"line":22,"column":31}},"7":{"start":{"line":23,"column":6},"end":{"line":23,"column":27}},"8":{"start":{"line":25,"column":6},"end":{"line":43,"column":9}},"9":{"start":{"line":42,"column":8},"end":{"line":42,"column":30}},"10":{"start":{"line":46,"column":4},"end":{"line":46,"column":25}},"11":{"start":{"line":49,"column":28},"end":{"line":52,"column":4}},"12":{"start":{"line":54,"column":2},"end":{"line":69,"column":4}},"13":{"start":{"line":86,"column":17},"end":{"line":86,"column":28}},"14":{"start":{"line":87,"column":28},"end":{"line":87,"column":40}},"15":{"start":{"line":88,"column":34},"end":{"line":88,"column":46}},"16":{"start":{"line":89,"column":34},"end":{"line":89,"column":46}},"17":{"start":{"line":90,"column":42},"end":{"line":90,"column":57}},"18":{"start":{"line":91,"column":38},"end":{"line":91,"column":50}},"19":{"start":{"line":92,"column":42},"end":{"line":92,"column":54}},"20":{"start":{"line":93,"column":42},"end":{"line":93,"column":77}},"21":{"start":{"line":94,"column":44},"end":{"line":94,"column":167}},"22":{"start":{"line":97,"column":2},"end":{"line":115,"column":11}},"23":{"start":{"line":99,"column":25},"end":{"line":104,"column":7}},"24":{"start":{"line":106,"column":21},"end":{"line":113,"column":9}},"25":{"start":{"line":106,"column":59},"end":{"line":113,"column":7}},"26":{"start":{"line":114,"column":6},"end":{"line":114,"column":31}},"27":{"start":{"line":118,"column":20},"end":{"line":123,"column":3}},"28":{"start":{"line":119,"column":4},"end":{"line":119,"column":25}},"29":{"start":{"line":120,"column":4},"end":{"line":120,"column":29}},"30":{"start":{"line":121,"column":4},"end":{"line":121,"column":40}},"31":{"start":{"line":121,"column":26},"end":{"line":121,"column":38}},"32":{"start":{"line":122,"column":4},"end":{"line":122,"column":26}},"33":{"start":{"line":125,"column":27},"end":{"line":130,"column":3}},"34":{"start":{"line":126,"column":4},"end":{"line":126,"column":27}},"35":{"start":{"line":127,"column":4},"end":{"line":129,"column":5}},"36":{"start":{"line":128,"column":6},"end":{"line":128,"column":21}},"37":{"start":{"line":132,"column":23},"end":{"line":169,"column":3}},"38":{"start":{"line":133,"column":4},"end":{"line":133,"column":41}},"39":{"start":{"line":136,"column":4},"end":{"line":139,"column":5}},"40":{"start":{"line":137,"column":6},"end":{"line":137,"column":54}},"41":{"start":{"line":138,"column":6},"end":{"line":138,"column":13}},"42":{"start":{"line":141,"column":4},"end":{"line":168,"column":5}},"43":{"start":{"line":142,"column":23},"end":{"line":146,"column":8}},"44":{"start":{"line":148,"column":19},"end":{"line":148,"column":40}},"45":{"start":{"line":150,"column":6},"end":{"line":155,"column":7}},"46":{"start":{"line":152,"column":29},"end":{"line":152,"column":58}},"47":{"start":{"line":153,"column":8},"end":{"line":153,"column":49}},"48":{"start":{"line":154,"column":8},"end":{"line":154,"column":15}},"49":{"start":{"line":157,"column":6},"end":{"line":157,"column":43}},"50":{"start":{"line":160,"column":6},"end":{"line":164,"column":8}},"51":{"start":{"line":163,"column":14},"end":{"line":163,"column":33}},"52":{"start":{"line":166,"column":6},"end":{"line":166,"column":44}},"53":{"start":{"line":167,"column":6},"end":{"line":167,"column":61}},"54":{"start":{"line":171,"column":21},"end":{"line":173,"column":3}},"55":{"start":{"line":172,"column":4},"end":{"line":172,"column":24}},"56":{"start":{"line":175,"column":2},"end":{"line":240,"column":4}},"57":{"start":{"line":179,"column":8},"end":{"line":187,"column":10}},"58":{"start":{"line":243,"column":15},"end":{"line":356,"column":2}}},"fnMap":{"0":{"name":"(anonymous_0)","decl":{"start":{"line":16,"column":21},"end":{"line":16,"column":22}},"loc":{"start":{"line":16,"column":209},"end":{"line":70,"column":1}},"line":16},"1":{"name":"(anonymous_1)","decl":{"start":{"line":20,"column":12},"end":{"line":20,"column":13}},"loc":{"start":{"line":20,"column":18},"end":{"line":47,"column":3}},"line":20},"2":{"name":"(anonymous_2)","decl":{"start":{"line":21,"column":27},"end":{"line":21,"column":28}},"loc":{"start":{"line":21,"column":50},"end":{"line":44,"column":5}},"line":21},"3":{"name":"(anonymous_3)","decl":{"start":{"line":41,"column":15},"end":{"line":41,"column":16}},"loc":{"start":{"line":41,"column":21},"end":{"line":43,"column":7}},"line":41},"4":{"name":"Index","decl":{"start":{"line":72,"column":24},"end":{"line":72,"column":29}},"loc":{"start":{"line":72,"column":32},"end":{"line":241,"column":1}},"line":72},"5":{"name":"(anonymous_5)","decl":{"start":{"line":97,"column":12},"end":{"line":97,"column":13}},"loc":{"start":{"line":97,"column":18},"end":{"line":115,"column":5}},"line":97},"6":{"name":"(anonymous_6)","decl":{"start":{"line":106,"column":48},"end":{"line":106,"column":49}},"loc":{"start":{"line":106,"column":59},"end":{"line":113,"column":7}},"line":106},"7":{"name":"(anonymous_7)","decl":{"start":{"line":118,"column":20},"end":{"line":118,"column":21}},"loc":{"start":{"line":118,"column":75},"end":{"line":123,"column":3}},"line":118},"8":{"name":"(anonymous_8)","decl":{"start":{"line":121,"column":20},"end":{"line":121,"column":21}},"loc":{"start":{"line":121,"column":26},"end":{"line":121,"column":38}},"line":121},"9":{"name":"(anonymous_9)","decl":{"start":{"line":125,"column":27},"end":{"line":125,"column":28}},"loc":{"start":{"line":125,"column":33},"end":{"line":130,"column":3}},"line":125},"10":{"name":"(anonymous_10)","decl":{"start":{"line":132,"column":23},"end":{"line":132,"column":24}},"loc":{"start":{"line":132,"column":35},"end":{"line":169,"column":3}},"line":132},"11":{"name":"(anonymous_11)","decl":{"start":{"line":163,"column":8},"end":{"line":163,"column":9}},"loc":{"start":{"line":163,"column":14},"end":{"line":163,"column":33}},"line":163},"12":{"name":"(anonymous_12)","decl":{"start":{"line":171,"column":21},"end":{"line":171,"column":22}},"loc":{"start":{"line":171,"column":27},"end":{"line":173,"column":3}},"line":171},"13":{"name":"(anonymous_13)","decl":{"start":{"line":178,"column":25},"end":{"line":178,"column":26}},"loc":{"start":{"line":179,"column":8},"end":{"line":187,"column":10}},"line":179}},"branchMap":{"0":{"loc":{"start":{"line":21,"column":28},"end":{"line":21,"column":45}},"type":"default-arg","locations":[{"start":{"line":21,"column":41},"end":{"line":21,"column":45}}],"line":21},"1":{"loc":{"start":{"line":26,"column":23},"end":{"line":26,"column":45}},"type":"cond-expr","locations":[{"start":{"line":26,"column":36},"end":{"line":26,"column":41}},{"start":{"line":26,"column":44},"end":{"line":26,"column":45}}],"line":26},"2":{"loc":{"start":{"line":35,"column":21},"end":{"line":35,"column":41}},"type":"cond-expr","locations":[{"start":{"line":35,"column":35},"end":{"line":35,"column":37}},{"start":{"line":35,"column":40},"end":{"line":35,"column":41}}],"line":35},"3":{"loc":{"start":{"line":50,"column":16},"end":{"line":50,"column":46}},"type":"cond-expr","locations":[{"start":{"line":50,"column":30},"end":{"line":50,"column":37}},{"start":{"line":50,"column":40},"end":{"line":50,"column":46}}],"line":50},"4":{"loc":{"start":{"line":51,"column":17},"end":{"line":51,"column":71}},"type":"cond-expr","locations":[{"start":{"line":51,"column":31},"end":{"line":51,"column":50}},{"start":{"line":51,"column":53},"end":{"line":51,"column":71}}],"line":51},"5":{"loc":{"start":{"line":121,"column":26},"end":{"line":121,"column":38}},"type":"binary-expr","locations":[{"start":{"line":121,"column":26},"end":{"line":121,"column":30}},{"start":{"line":121,"column":34},"end":{"line":121,"column":38}}],"line":121},"6":{"loc":{"start":{"line":127,"column":4},"end":{"line":129,"column":5}},"type":"if","locations":[{"start":{"line":127,"column":4},"end":{"line":129,"column":5}},{"start":{},"end":{}}],"line":127},"7":{"loc":{"start":{"line":136,"column":4},"end":{"line":139,"column":5}},"type":"if","locations":[{"start":{"line":136,"column":4},"end":{"line":139,"column":5}},{"start":{},"end":{}}],"line":136},"8":{"loc":{"start":{"line":136,"column":8},"end":{"line":136,"column":40}},"type":"binary-expr","locations":[{"start":{"line":136,"column":8},"end":{"line":136,"column":14}},{"start":{"line":136,"column":18},"end":{"line":136,"column":27}},{"start":{"line":136,"column":31},"end":{"line":136,"column":40}}],"line":136},"9":{"loc":{"start":{"line":150,"column":6},"end":{"line":155,"column":7}},"type":"if","locations":[{"start":{"line":150,"column":6},"end":{"line":155,"column":7}},{"start":{},"end":{}}],"line":150},"10":{"loc":{"start":{"line":152,"column":29},"end":{"line":152,"column":58}},"type":"binary-expr","locations":[{"start":{"line":152,"column":29},"end":{"line":152,"column":39}},{"start":{"line":152,"column":43},"end":{"line":152,"column":58}}],"line":152}},"s":{"0":1,"1":1,"2":2150,"3":2150,"4":2150,"5":750,"6":1406,"7":1406,"8":1406,"9":656,"10":750,"11":2150,"12":2150,"13":58,"14":58,"15":58,"16":58,"17":58,"18":58,"19":58,"20":58,"21":58,"22":58,"23":15,"24":15,"25":750,"26":15,"27":58,"28":9,"29":9,"30":9,"31":9,"32":9,"33":58,"34":1,"35":1,"36":0,"37":58,"38":9,"39":9,"40":5,"41":5,"42":4,"43":4,"44":3,"45":3,"46":1,"47":1,"48":1,"49":2,"50":2,"51":0,"52":1,"53":1,"54":58,"55":0,"56":58,"57":2150,"58":1},"f":{"0":2150,"1":750,"2":1406,"3":656,"4":58,"5":15,"6":750,"7":9,"8":9,"9":1,"10":9,"11":0,"12":0,"13":2150},"b":{"0":[0],"1":[750,656],"2":[658,748],"3":[1023,1127],"4":[1023,1127],"5":[9,7],"6":[0,1],"7":[5,4],"8":[9,5,4],"9":[1,2],"10":[1,0]},"_coverageSchema":"1a1c01bbd47fc00a2c39e90264f33305004495a9","hash":"c149bc95d35b80d769a754dce5c5b4581b8b9b7d"}
,"C:\\Users\\ezedi\\Documents\\uma\\fe\\app\\umaDetail.tsx": {"path":"C:\\Users\\ezedi\\Documents\\uma\\fe\\app\\umaDetail.tsx","statementMap":{"0":{"start":{"line":5,"column":16},"end":{"line":5,"column":71}},"1":{"start":{"line":38,"column":17},"end":{"line":38,"column":28}},"2":{"start":{"line":39,"column":17},"end":{"line":39,"column":39}},"3":{"start":{"line":40,"column":24},"end":{"line":40,"column":56}},"4":{"start":{"line":41,"column":28},"end":{"line":41,"column":62}},"5":{"start":{"line":42,"column":34},"end":{"line":42,"column":67}},"6":{"start":{"line":43,"column":32},"end":{"line":43,"column":46}},"7":{"start":{"line":44,"column":28},"end":{"line":44,"column":57}},"8":{"start":{"line":45,"column":19},"end":{"line":45,"column":56}},"9":{"start":{"line":46,"column":19},"end":{"line":46,"column":56}},"10":{"start":{"line":47,"column":40},"end":{"line":47,"column":79}},"11":{"start":{"line":48,"column":40},"end":{"line":48,"column":79}},"12":{"start":{"line":50,"column":2},"end":{"line":55,"column":11}},"13":{"start":{"line":51,"column":4},"end":{"line":54,"column":5}},"14":{"start":{"line":52,"column":6},"end":{"line":52,"column":35}},"15":{"start":{"line":53,"column":6},"end":{"line":53,"column":37}},"16":{"start":{"line":57,"column":2},"end":{"line":67,"column":19}},"17":{"start":{"line":59,"column":4},"end":{"line":66,"column":5}},"18":{"start":{"line":60,"column":22},"end":{"line":60,"column":123}},"19":{"start":{"line":61,"column":22},"end":{"line":61,"column":71}},"20":{"start":{"line":62,"column":6},"end":{"line":62,"column":30}},"21":{"start":{"line":63,"column":6},"end":{"line":63,"column":30}},"22":{"start":{"line":64,"column":6},"end":{"line":64,"column":27}},"23":{"start":{"line":65,"column":6},"end":{"line":65,"column":27}},"24":{"start":{"line":69,"column":25},"end":{"line":85,"column":3}},"25":{"start":{"line":70,"column":4},"end":{"line":84,"column":5}},"26":{"start":{"line":71,"column":6},"end":{"line":71,"column":23}},"27":{"start":{"line":72,"column":23},"end":{"line":72,"column":95}},"28":{"start":{"line":73,"column":6},"end":{"line":75,"column":7}},"29":{"start":{"line":74,"column":8},"end":{"line":74,"column":55}},"30":{"start":{"line":76,"column":19},"end":{"line":76,"column":40}},"31":{"start":{"line":77,"column":6},"end":{"line":77,"column":19}},"32":{"start":{"line":78,"column":6},"end":{"line":78,"column":21}},"33":{"start":{"line":80,"column":6},"end":{"line":80,"column":73}},"34":{"start":{"line":81,"column":6},"end":{"line":81,"column":55}},"35":{"start":{"line":83,"column":6},"end":{"line":83,"column":24}},"36":{"start":{"line":87,"column":27},"end":{"line":98,"column":3}},"37":{"start":{"line":88,"column":4},"end":{"line":97,"column":5}},"38":{"start":{"line":89,"column":23},"end":{"line":89,"column":97}},"39":{"start":{"line":90,"column":6},"end":{"line":92,"column":7}},"40":{"start":{"line":91,"column":8},"end":{"line":91,"column":57}},"41":{"start":{"line":93,"column":19},"end":{"line":93,"column":40}},"42":{"start":{"line":94,"column":6},"end":{"line":94,"column":21}},"43":{"start":{"line":96,"column":6},"end":{"line":96,"column":57}},"44":{"start":{"line":102,"column":23},"end":{"line":141,"column":3}},"45":{"start":{"line":103,"column":4},"end":{"line":103,"column":42}},"46":{"start":{"line":103,"column":35},"end":{"line":103,"column":42}},"47":{"start":{"line":104,"column":4},"end":{"line":104,"column":22}},"48":{"start":{"line":107,"column":20},"end":{"line":107,"column":117}},"49":{"start":{"line":108,"column":20},"end":{"line":108,"column":65}},"50":{"start":{"line":111,"column":4},"end":{"line":124,"column":7}},"51":{"start":{"line":117,"column":6},"end":{"line":117,"column":30}},"52":{"start":{"line":118,"column":6},"end":{"line":123,"column":17}},"53":{"start":{"line":127,"column":4},"end":{"line":140,"column":7}},"54":{"start":{"line":133,"column":6},"end":{"line":133,"column":30}},"55":{"start":{"line":134,"column":6},"end":{"line":139,"column":17}},"56":{"start":{"line":144,"column":28},"end":{"line":156,"column":3}},"57":{"start":{"line":145,"column":4},"end":{"line":145,"column":31}},"58":{"start":{"line":145,"column":21},"end":{"line":145,"column":31}},"59":{"start":{"line":146,"column":4},"end":{"line":155,"column":5}},"60":{"start":{"line":147,"column":19},"end":{"line":147,"column":39}},"61":{"start":{"line":148,"column":21},"end":{"line":148,"column":143}},"62":{"start":{"line":149,"column":19},"end":{"line":149,"column":425}},"63":{"start":{"line":150,"column":20},"end":{"line":150,"column":43}},"64":{"start":{"line":151,"column":18},"end":{"line":151,"column":42}},"65":{"start":{"line":152,"column":6},"end":{"line":152,"column":31}},"66":{"start":{"line":154,"column":6},"end":{"line":154,"column":24}},"67":{"start":{"line":158,"column":2},"end":{"line":164,"column":3}},"68":{"start":{"line":159,"column":4},"end":{"line":163,"column":6}},"69":{"start":{"line":166,"column":2},"end":{"line":186,"column":3}},"70":{"start":{"line":167,"column":4},"end":{"line":184,"column":6}},"71":{"start":{"line":173,"column":27},"end":{"line":173,"column":40}},"72":{"start":{"line":178,"column":70},"end":{"line":178,"column":98}},"73":{"start":{"line":188,"column":2},"end":{"line":287,"column":4}},"74":{"start":{"line":193,"column":23},"end":{"line":193,"column":36}},"75":{"start":{"line":203,"column":25},"end":{"line":203,"column":45}},"76":{"start":{"line":211,"column":25},"end":{"line":211,"column":45}},"77":{"start":{"line":233,"column":27},"end":{"line":233,"column":85}},"78":{"start":{"line":233,"column":50},"end":{"line":233,"column":85}},"79":{"start":{"line":233,"column":64},"end":{"line":233,"column":70}},"80":{"start":{"line":234,"column":29},"end":{"line":234,"column":91}},"81":{"start":{"line":234,"column":52},"end":{"line":234,"column":91}},"82":{"start":{"line":234,"column":66},"end":{"line":234,"column":76}},"83":{"start":{"line":235,"column":25},"end":{"line":242,"column":112}},"84":{"start":{"line":244,"column":12},"end":{"line":249,"column":22}},"85":{"start":{"line":244,"column":40},"end":{"line":249,"column":20}},"86":{"start":{"line":254,"column":27},"end":{"line":254,"column":85}},"87":{"start":{"line":254,"column":50},"end":{"line":254,"column":85}},"88":{"start":{"line":254,"column":64},"end":{"line":254,"column":70}},"89":{"start":{"line":255,"column":29},"end":{"line":255,"column":91}},"90":{"start":{"line":255,"column":52},"end":{"line":255,"column":91}},"91":{"start":{"line":255,"column":66},"end":{"line":255,"column":76}},"92":{"start":{"line":256,"column":24},"end":{"line":258,"column":78}},"93":{"start":{"line":260,"column":12},"end":{"line":265,"column":21}},"94":{"start":{"line":290,"column":15},"end":{"line":457,"column":2}}},"fnMap":{"0":{"name":"UmaDetailScreen","decl":{"start":{"line":36,"column":24},"end":{"line":36,"column":39}},"loc":{"start":{"line":36,"column":42},"end":{"line":288,"column":1}},"line":36},"1":{"name":"(anonymous_1)","decl":{"start":{"line":50,"column":12},"end":{"line":50,"column":13}},"loc":{"start":{"line":50,"column":18},"end":{"line":55,"column":3}},"line":50},"2":{"name":"(anonymous_2)","decl":{"start":{"line":57,"column":12},"end":{"line":57,"column":13}},"loc":{"start":{"line":57,"column":18},"end":{"line":67,"column":3}},"line":57},"3":{"name":"(anonymous_3)","decl":{"start":{"line":69,"column":25},"end":{"line":69,"column":26}},"loc":{"start":{"line":69,"column":50},"end":{"line":85,"column":3}},"line":69},"4":{"name":"(anonymous_4)","decl":{"start":{"line":87,"column":27},"end":{"line":87,"column":28}},"loc":{"start":{"line":87,"column":52},"end":{"line":98,"column":3}},"line":87},"5":{"name":"(anonymous_5)","decl":{"start":{"line":102,"column":23},"end":{"line":102,"column":24}},"loc":{"start":{"line":102,"column":50},"end":{"line":141,"column":3}},"line":102},"6":{"name":"(anonymous_6)","decl":{"start":{"line":116,"column":13},"end":{"line":116,"column":14}},"loc":{"start":{"line":116,"column":19},"end":{"line":124,"column":5}},"line":116},"7":{"name":"(anonymous_7)","decl":{"start":{"line":132,"column":13},"end":{"line":132,"column":14}},"loc":{"start":{"line":132,"column":19},"end":{"line":140,"column":5}},"line":132},"8":{"name":"(anonymous_8)","decl":{"start":{"line":144,"column":28},"end":{"line":144,"column":29}},"loc":{"start":{"line":144,"column":52},"end":{"line":156,"column":3}},"line":144},"9":{"name":"(anonymous_9)","decl":{"start":{"line":173,"column":21},"end":{"line":173,"column":22}},"loc":{"start":{"line":173,"column":27},"end":{"line":173,"column":40}},"line":173},"10":{"name":"(anonymous_10)","decl":{"start":{"line":178,"column":64},"end":{"line":178,"column":65}},"loc":{"start":{"line":178,"column":70},"end":{"line":178,"column":98}},"line":178},"11":{"name":"(anonymous_11)","decl":{"start":{"line":193,"column":17},"end":{"line":193,"column":18}},"loc":{"start":{"line":193,"column":23},"end":{"line":193,"column":36}},"line":193},"12":{"name":"(anonymous_12)","decl":{"start":{"line":203,"column":19},"end":{"line":203,"column":20}},"loc":{"start":{"line":203,"column":25},"end":{"line":203,"column":45}},"line":203},"13":{"name":"(anonymous_13)","decl":{"start":{"line":211,"column":19},"end":{"line":211,"column":20}},"loc":{"start":{"line":211,"column":25},"end":{"line":211,"column":45}},"line":211},"14":{"name":"(anonymous_14)","decl":{"start":{"line":232,"column":12},"end":{"line":232,"column":13}},"loc":{"start":{"line":232,"column":18},"end":{"line":250,"column":11}},"line":232},"15":{"name":"(anonymous_15)","decl":{"start":{"line":233,"column":27},"end":{"line":233,"column":28}},"loc":{"start":{"line":233,"column":50},"end":{"line":233,"column":85}},"line":233},"16":{"name":"(anonymous_16)","decl":{"start":{"line":233,"column":59},"end":{"line":233,"column":60}},"loc":{"start":{"line":233,"column":64},"end":{"line":233,"column":70}},"line":233},"17":{"name":"(anonymous_17)","decl":{"start":{"line":234,"column":29},"end":{"line":234,"column":30}},"loc":{"start":{"line":234,"column":52},"end":{"line":234,"column":91}},"line":234},"18":{"name":"(anonymous_18)","decl":{"start":{"line":234,"column":61},"end":{"line":234,"column":62}},"loc":{"start":{"line":234,"column":66},"end":{"line":234,"column":76}},"line":234},"19":{"name":"(anonymous_19)","decl":{"start":{"line":244,"column":28},"end":{"line":244,"column":29}},"loc":{"start":{"line":244,"column":40},"end":{"line":249,"column":20}},"line":244},"20":{"name":"(anonymous_20)","decl":{"start":{"line":253,"column":12},"end":{"line":253,"column":13}},"loc":{"start":{"line":253,"column":18},"end":{"line":266,"column":11}},"line":253},"21":{"name":"(anonymous_21)","decl":{"start":{"line":254,"column":27},"end":{"line":254,"column":28}},"loc":{"start":{"line":254,"column":50},"end":{"line":254,"column":85}},"line":254},"22":{"name":"(anonymous_22)","decl":{"start":{"line":254,"column":59},"end":{"line":254,"column":60}},"loc":{"start":{"line":254,"column":64},"end":{"line":254,"column":70}},"line":254},"23":{"name":"(anonymous_23)","decl":{"start":{"line":255,"column":29},"end":{"line":255,"column":30}},"loc":{"start":{"line":255,"column":52},"end":{"line":255,"column":91}},"line":255},"24":{"name":"(anonymous_24)","decl":{"start":{"line":255,"column":61},"end":{"line":255,"column":62}},"loc":{"start":{"line":255,"column":66},"end":{"line":255,"column":76}},"line":255}},"branchMap":{"0":{"loc":{"start":{"line":51,"column":4},"end":{"line":54,"column":5}},"type":"if","locations":[{"start":{"line":51,"column":4},"end":{"line":54,"column":5}},{"start":{},"end":{}}],"line":51},"1":{"loc":{"start":{"line":59,"column":4},"end":{"line":66,"column":5}},"type":"if","locations":[{"start":{"line":59,"column":4},"end":{"line":66,"column":5}},{"start":{},"end":{}}],"line":59},"2":{"loc":{"start":{"line":60,"column":22},"end":{"line":60,"column":123}},"type":"cond-expr","locations":[{"start":{"line":60,"column":44},"end":{"line":60,"column":60}},{"start":{"line":60,"column":64},"end":{"line":60,"column":122}}],"line":60},"3":{"loc":{"start":{"line":60,"column":64},"end":{"line":60,"column":122}},"type":"binary-expr","locations":[{"start":{"line":60,"column":64},"end":{"line":60,"column":85}},{"start":{"line":60,"column":89},"end":{"line":60,"column":102}},{"start":{"line":60,"column":106},"end":{"line":60,"column":122}}],"line":60},"4":{"loc":{"start":{"line":61,"column":22},"end":{"line":61,"column":71}},"type":"cond-expr","locations":[{"start":{"line":61,"column":44},"end":{"line":61,"column":59}},{"start":{"line":61,"column":62},"end":{"line":61,"column":71}}],"line":61},"5":{"loc":{"start":{"line":73,"column":6},"end":{"line":75,"column":7}},"type":"if","locations":[{"start":{"line":73,"column":6},"end":{"line":75,"column":7}},{"start":{},"end":{}}],"line":73},"6":{"loc":{"start":{"line":80,"column":15},"end":{"line":80,"column":71}},"type":"cond-expr","locations":[{"start":{"line":80,"column":38},"end":{"line":80,"column":49}},{"start":{"line":80,"column":52},"end":{"line":80,"column":71}}],"line":80},"7":{"loc":{"start":{"line":90,"column":6},"end":{"line":92,"column":7}},"type":"if","locations":[{"start":{"line":90,"column":6},"end":{"line":92,"column":7}},{"start":{},"end":{}}],"line":90},"8":{"loc":{"start":{"line":103,"column":4},"end":{"line":103,"column":42}},"type":"if","locations":[{"start":{"line":103,"column":4},"end":{"line":103,"column":42}},{"start":{},"end":{}}],"line":103},"9":{"loc":{"start":{"line":103,"column":8},"end":{"line":103,"column":33}},"type":"binary-expr","locations":[{"start":{"line":103,"column":8},"end":{"line":103,"column":25}},{"start":{"line":103,"column":29},"end":{"line":103,"column":33}}],"line":103},"10":{"loc":{"start":{"line":107,"column":20},"end":{"line":107,"column":117}},"type":"cond-expr","locations":[{"start":{"line":107,"column":38},"end":{"line":107,"column":54}},{"start":{"line":107,"column":58},"end":{"line":107,"column":116}}],"line":107},"11":{"loc":{"start":{"line":107,"column":58},"end":{"line":107,"column":116}},"type":"binary-expr","locations":[{"start":{"line":107,"column":58},"end":{"line":107,"column":79}},{"start":{"line":107,"column":83},"end":{"line":107,"column":96}},{"start":{"line":107,"column":100},"end":{"line":107,"column":116}}],"line":107},"12":{"loc":{"start":{"line":108,"column":20},"end":{"line":108,"column":65}},"type":"cond-expr","locations":[{"start":{"line":108,"column":38},"end":{"line":108,"column":53}},{"start":{"line":108,"column":56},"end":{"line":108,"column":65}}],"line":108},"13":{"loc":{"start":{"line":145,"column":4},"end":{"line":145,"column":31}},"type":"if","locations":[{"start":{"line":145,"column":4},"end":{"line":145,"column":31}},{"start":{},"end":{}}],"line":145},"14":{"loc":{"start":{"line":158,"column":2},"end":{"line":164,"column":3}},"type":"if","locations":[{"start":{"line":158,"column":2},"end":{"line":164,"column":3}},{"start":{},"end":{}}],"line":158},"15":{"loc":{"start":{"line":166,"column":2},"end":{"line":186,"column":3}},"type":"if","locations":[{"start":{"line":166,"column":2},"end":{"line":186,"column":3}},{"start":{},"end":{}}],"line":166},"16":{"loc":{"start":{"line":166,"column":6},"end":{"line":166,"column":19}},"type":"binary-expr","locations":[{"start":{"line":166,"column":6},"end":{"line":166,"column":11}},{"start":{"line":166,"column":15},"end":{"line":166,"column":19}}],"line":166},"17":{"loc":{"start":{"line":177,"column":49},"end":{"line":177,"column":73}},"type":"binary-expr","locations":[{"start":{"line":177,"column":49},"end":{"line":177,"column":54}},{"start":{"line":177,"column":58},"end":{"line":177,"column":73}}],"line":177},"18":{"loc":{"start":{"line":202,"column":39},"end":{"line":202,"column":87}},"type":"binary-expr","locations":[{"start":{"line":202,"column":39},"end":{"line":202,"column":58}},{"start":{"line":202,"column":62},"end":{"line":202,"column":87}}],"line":202},"19":{"loc":{"start":{"line":205,"column":43},"end":{"line":205,"column":89}},"type":"binary-expr","locations":[{"start":{"line":205,"column":43},"end":{"line":205,"column":62}},{"start":{"line":205,"column":66},"end":{"line":205,"column":89}}],"line":205},"20":{"loc":{"start":{"line":210,"column":39},"end":{"line":210,"column":87}},"type":"binary-expr","locations":[{"start":{"line":210,"column":39},"end":{"line":210,"column":58}},{"start":{"line":210,"column":62},"end":{"line":210,"column":87}}],"line":210},"21":{"loc":{"start":{"line":213,"column":43},"end":{"line":213,"column":89}},"type":"binary-expr","locations":[{"start":{"line":213,"column":43},"end":{"line":213,"column":62}},{"start":{"line":213,"column":66},"end":{"line":213,"column":89}}],"line":213},"22":{"loc":{"start":{"line":217,"column":39},"end":{"line":217,"column":85}},"type":"binary-expr","locations":[{"start":{"line":217,"column":39},"end":{"line":217,"column":58}},{"start":{"line":217,"column":62},"end":{"line":217,"column":85}}],"line":217},"23":{"loc":{"start":{"line":218,"column":42},"end":{"line":218,"column":87}},"type":"binary-expr","locations":[{"start":{"line":218,"column":42},"end":{"line":218,"column":61}},{"start":{"line":218,"column":65},"end":{"line":218,"column":87}}],"line":218},"24":{"loc":{"start":{"line":220,"column":15},"end":{"line":226,"column":15}},"type":"binary-expr","locations":[{"start":{"line":220,"column":15},"end":{"line":220,"column":26}},{"start":{"line":221,"column":16},"end":{"line":225,"column":18}}],"line":220},"25":{"loc":{"start":{"line":227,"column":39},"end":{"line":227,"column":151}},"type":"cond-expr","locations":[{"start":{"line":227,"column":62},"end":{"line":227,"column":86}},{"start":{"line":227,"column":91},"end":{"line":227,"column":150}}],"line":227},"26":{"loc":{"start":{"line":227,"column":62},"end":{"line":227,"column":86}},"type":"binary-expr","locations":[{"start":{"line":227,"column":62},"end":{"line":227,"column":73}},{"start":{"line":227,"column":77},"end":{"line":227,"column":86}}],"line":227},"27":{"loc":{"start":{"line":227,"column":91},"end":{"line":227,"column":150}},"type":"binary-expr","locations":[{"start":{"line":227,"column":91},"end":{"line":227,"column":107}},{"start":{"line":227,"column":111},"end":{"line":227,"column":119}},{"start":{"line":227,"column":123},"end":{"line":227,"column":135}},{"start":{"line":227,"column":139},"end":{"line":227,"column":150}}],"line":227},"28":{"loc":{"start":{"line":235,"column":25},"end":{"line":242,"column":112}},"type":"cond-expr","locations":[{"start":{"line":236,"column":16},"end":{"line":239,"column":17}},{"start":{"line":240,"column":16},"end":{"line":242,"column":112}}],"line":235},"29":{"loc":{"start":{"line":237,"column":66},"end":{"line":237,"column":109}},"type":"binary-expr","locations":[{"start":{"line":237,"column":66},"end":{"line":237,"column":103}},{"start":{"line":237,"column":107},"end":{"line":237,"column":109}}],"line":237},"30":{"loc":{"start":{"line":241,"column":48},"end":{"line":241,"column":92}},"type":"binary-expr","locations":[{"start":{"line":241,"column":48},"end":{"line":241,"column":86}},{"start":{"line":241,"column":90},"end":{"line":241,"column":92}}],"line":241},"31":{"loc":{"start":{"line":242,"column":48},"end":{"line":242,"column":92}},"type":"binary-expr","locations":[{"start":{"line":242,"column":48},"end":{"line":242,"column":86}},{"start":{"line":242,"column":90},"end":{"line":242,"column":92}}],"line":242},"32":{"loc":{"start":{"line":244,"column":40},"end":{"line":249,"column":20}},"type":"cond-expr","locations":[{"start":{"line":245,"column":14},"end":{"line":248,"column":21}},{"start":{"line":249,"column":16},"end":{"line":249,"column":20}}],"line":244},"33":{"loc":{"start":{"line":256,"column":24},"end":{"line":258,"column":78}},"type":"cond-expr","locations":[{"start":{"line":257,"column":16},"end":{"line":257,"column":50}},{"start":{"line":258,"column":16},"end":{"line":258,"column":78}}],"line":256},"34":{"loc":{"start":{"line":260,"column":19},"end":{"line":265,"column":20}},"type":"cond-expr","locations":[{"start":{"line":261,"column":14},"end":{"line":264,"column":21}},{"start":{"line":265,"column":16},"end":{"line":265,"column":20}}],"line":260},"35":{"loc":{"start":{"line":269,"column":9},"end":{"line":275,"column":9}},"type":"binary-expr","locations":[{"start":{"line":269,"column":9},"end":{"line":269,"column":28}},{"start":{"line":270,"column":10},"end":{"line":274,"column":12}}],"line":269},"36":{"loc":{"start":{"line":271,"column":27},"end":{"line":271,"column":58}},"type":"binary-expr","locations":[{"start":{"line":271,"column":27},"end":{"line":271,"column":38}},{"start":{"line":271,"column":42},"end":{"line":271,"column":58}}],"line":271},"37":{"loc":{"start":{"line":278,"column":7},"end":{"line":284,"column":7}},"type":"binary-expr","locations":[{"start":{"line":278,"column":7},"end":{"line":278,"column":26}},{"start":{"line":279,"column":8},"end":{"line":283,"column":10}}],"line":278},"38":{"loc":{"start":{"line":280,"column":25},"end":{"line":280,"column":100}},"type":"binary-expr","locations":[{"start":{"line":280,"column":25},"end":{"line":280,"column":36}},{"start":{"line":280,"column":41},"end":{"line":280,"column":62}},{"start":{"line":280,"column":66},"end":{"line":280,"column":79}},{"start":{"line":280,"column":83},"end":{"line":280,"column":99}}],"line":280}},"s":{"0":1,"1":46,"2":46,"3":46,"4":46,"5":46,"6":46,"7":46,"8":46,"9":46,"10":46,"11":46,"12":46,"13":16,"14":16,"15":16,"16":46,"17":30,"18":13,"19":13,"20":13,"21":13,"22":13,"23":13,"24":46,"25":17,"26":17,"27":17,"28":13,"29":0,"30":13,"31":13,"32":13,"33":3,"34":3,"35":16,"36":46,"37":16,"38":16,"39":13,"40":1,"41":12,"42":12,"43":3,"44":46,"45":1,"46":0,"47":1,"48":1,"49":1,"50":1,"51":1,"52":1,"53":1,"54":1,"55":1,"56":46,"57":25,"58":2,"59":23,"60":23,"61":23,"62":23,"63":23,"64":23,"65":23,"66":0,"67":46,"68":17,"69":29,"70":3,"71":0,"72":1,"73":26,"74":0,"75":0,"76":1,"77":26,"78":50,"79":75,"80":26,"81":2,"82":4,"83":26,"84":26,"85":52,"86":26,"87":25,"88":50,"89":26,"90":1,"91":4,"92":26,"93":26,"94":1},"f":{"0":46,"1":
[...]
{"line":53,"column":9}},"19":{"start":{"line":44,"column":24},"end":{"line":44,"column":131}},"20":{"start":{"line":45,"column":35},"end":{"line":45,"column":51}},"21":{"start":{"line":47,"column":36},"end":{"line":47,"column":89}},"22":{"start":{"line":47,"column":60},"end":{"line":47,"column":88}},"23":{"start":{"line":48,"column":12},"end":{"line":48,"column":40}},"24":{"start":{"line":50,"column":12},"end":{"line":50,"column":53}},"25":{"start":{"line":52,"column":12},"end":{"line":52,"column":30}},"26":{"start":{"line":57,"column":8},"end":{"line":57,"column":60}},"27":{"start":{"line":60,"column":23},"end":{"line":68,"column":5}},"28":{"start":{"line":61,"column":8},"end":{"line":67,"column":27}},"29":{"start":{"line":61,"column":67},"end":{"line":61,"column":86}},"30":{"start":{"line":70,"column":4},"end":{"line":148,"column":6}},"31":{"start":{"line":76,"column":31},"end":{"line":76,"column":60}},"32":{"start":{"line":90,"column":24},"end":{"line":90,"column":39}},"33":{"start":{"line":91,"column":24},"end":{"line":91,"column":46}},"34":{"start":{"line":140,"column":47},"end":{"line":140,"column":63}},"35":{"start":{"line":151,"column":15},"end":{"line":298,"column":2}}},"fnMap":{"0":{"name":"SearchPage","decl":{"start":{"line":18,"column":24},"end":{"line":18,"column":34}},"loc":{"start":{"line":18,"column":50},"end":{"line":149,"column":1}},"line":18},"1":{"name":"(anonymous_1)","decl":{"start":{"line":26,"column":14},"end":{"line":26,"column":15}},"loc":{"start":{"line":26,"column":20},"end":{"line":28,"column":5}},"line":26},"2":{"name":"(anonymous_2)","decl":{"start":{"line":30,"column":25},"end":{"line":30,"column":26}},"loc":{"start":{"line":30,"column":37},"end":{"line":35,"column":5}},"line":30},"3":{"name":"(anonymous_3)","decl":{"start":{"line":37,"column":25},"end":{"line":37,"column":26}},"loc":{"start":{"line":37,"column":37},"end":{"line":54,"column":5}},"line":37},"4":{"name":"(anonymous_4)","decl":{"start":{"line":47,"column":48},"end":{"line":47,"column":49}},"loc":{"start":{"line":47,"column":60},"end":{"line":47,"column":88}},"line":47},"5":{"name":"profileSelect","decl":{"start":{"line":56,"column":13},"end":{"line":56,"column":26}},"loc":{"start":{"line":56,"column":53},"end":{"line":58,"column":5}},"line":56},"6":{"name":"(anonymous_6)","decl":{"start":{"line":60,"column":23},"end":{"line":60,"column":24}},"loc":{"start":{"line":61,"column":8},"end":{"line":67,"column":27}},"line":61},"7":{"name":"(anonymous_7)","decl":{"start":{"line":61,"column":61},"end":{"line":61,"column":62}},"loc":{"start":{"line":61,"column":67},"end":{"line":61,"column":86}},"line":61},"8":{"name":"(anonymous_8)","decl":{"start":{"line":76,"column":25},"end":{"line":76,"column":26}},"loc":{"start":{"line":76,"column":31},"end":{"line":76,"column":60}},"line":76},"9":{"name":"(anonymous_9)","decl":{"start":{"line":89,"column":34},"end":{"line":89,"column":35}},"loc":{"start":{"line":89,"column":44},"end":{"line":92,"column":21}},"line":89},"10":{"name":"(anonymous_10)","decl":{"start":{"line":140,"column":30},"end":{"line":140,"column":31}},"loc":{"start":{"line":140,"column":47},"end":{"line":140,"column":63}},"line":140}},"branchMap":{"0":{"loc":{"start":{"line":32,"column":8},"end":{"line":34,"column":9}},"type":"if","locations":[{"start":{"line":32,"column":8},"end":{"line":34,"column":9}},{"start":{},"end":{}}],"line":32},"1":{"loc":{"start":{"line":38,"column":8},"end":{"line":38,"column":34}},"type":"if","locations":[{"start":{"line":38,"column":8},"end":{"line":38,"column":34}},{"start":{},"end":{}}],"line":38},"2":{"loc":{"start":{"line":104,"column":25},"end":{"line":104,"column":51}},"type":"cond-expr","locations":[{"start":{"line":104,"column":35},"end":{"line":104,"column":40}},{"start":{"line":104,"column":43},"end":{"line":104,"column":51}}],"line":104},"3":{"loc":{"start":{"line":109,"column":13},"end":{"line":114,"column":13}},"type":"binary-expr","locations":[{"start":{"line":109,"column":13},"end":{"line":109,"column":20}},{"start":{"line":110,"column":16},"end":{"line":113,"column":23}}],"line":109},"4":{"loc":{"start":{"line":116,"column":13},"end":{"line":121,"column":13}},"type":"binary-expr","locations":[{"start":{"line":116,"column":13},"end":{"line":116,"column":21}},{"start":{"line":116,"column":25},"end":{"line":116,"column":37}},{"start":{"line":116,"column":41},"end":{"line":116,"column":60}},{"start":{"line":117,"column":16},"end":{"line":120,"column":23}}],"line":116},"5":{"loc":{"start":{"line":123,"column":13},"end":{"line":129,"column":13}},"type":"binary-expr","locations":[{"start":{"line":123,"column":13},"end":{"line":123,"column":21}},{"start":{"line":123,"column":25},"end":{"line":123,"column":36}},{"start":{"line":123,"column":40},"end":{"line":123,"column":60}},{"start":{"line":123,"column":64},"end":{"line":123,"column":83}},{"start":{"line":124,"column":16},"end":{"line":128,"column":23}}],"line":123},"6":{"loc":{"start":{"line":131,"column":13},"end":{"line":136,"column":13}},"type":"binary-expr","locations":[{"start":{"line":131,"column":13},"end":{"line":131,"column":21}},{"start":{"line":131,"column":25},"end":{"line":131,"column":45}},{"start":{"line":131,"column":49},"end":{"line":131,"column":68}},{"start":{"line":131,"column":72},"end":{"line":131,"column":84}},{"start":{"line":132,"column":16},"end":{"line":135,"column":23}}],"line":131}},"s":{"0":1,"1":30,"2":30,"3":30,"4":30,"5":30,"6":30,"7":10,"8":30,"9":10,"10":10,"11":10,"12":30,"13":5,"14":1,"15":4,"16":4,"17":4,"18":4,"19":4,"20":4,"21":4,"22":9,"23":4,"24":0,"25":4,"26":0,"27":30,"28":8,"29":0,"30":30,"31":0,"32":5,"33":5,"34":10,"35":1},"f":{"0":30,"1":10,"2":10,"3":5,"4":9,"5":0,"6":8,"7":0,"8":0,"9":5,"10":10},"b":{"0":[10,0],"1":[1,4],"2":[4,26],"3":[30,4],"4":[30,26,22,6],"5":[30,26,4,1,1],"6":[30,26,23,16,16]},"_coverageSchema":"1a1c01bbd47fc00a2c39e90264f33305004495a9","hash":"2d87438b2d8a8aa21b52c27344d67d6f49aebbf4"}
,"C:\\Users\\ezedi\\Documents\\uma\\fe\\app\\tabs\\umas.tsx": {"path":"C:\\Users\\ezedi\\Documents\\uma\\fe\\app\\tabs\\umas.tsx","statementMap":{"0":{"start":{"line":5,"column":16},"end":{"line":5,"column":74}},"1":{"start":{"line":22,"column":17},"end":{"line":22,"column":28}},"2":{"start":{"line":23,"column":26},"end":{"line":23,"column":45}},"3":{"start":{"line":24,"column":28},"end":{"line":24,"column":40}},"4":{"start":{"line":25,"column":32},"end":{"line":25,"column":46}},"5":{"start":{"line":26,"column":28},"end":{"line":26,"column":57}},"6":{"start":{"line":28,"column":2},"end":{"line":30,"column":9}},"7":{"start":{"line":29,"column":4},"end":{"line":29,"column":16}},"8":{"start":{"line":32,"column":20},"end":{"line":48,"column":3}},"9":{"start":{"line":33,"column":4},"end":{"line":47,"column":5}},"10":{"start":{"line":34,"column":6},"end":{"line":34,"column":23}},"11":{"start":{"line":35,"column":23},"end":{"line":35,"column":86}},"12":{"start":{"line":36,"column":6},"end":{"line":38,"column":7}},"13":{"start":{"line":37,"column":8},"end":{"line":37,"column":48}},"14":{"start":{"line":39,"column":19},"end":{"line":39,"column":40}},"15":{"start":{"line":40,"column":6},"end":{"line":40,"column":20}},"16":{"start":{"line":41,"column":6},"end":{"line":41,"column":21}},"17":{"start":{"line":43,"column":6},"end":{"line":43,"column":73}},"18":{"start":{"line":44,"column":6},"end":{"line":44,"column":49}},"19":{"start":{"line":46,"column":6},"end":{"line":46,"column":24}},"20":{"start":{"line":50,"column":25},"end":{"line":55,"column":3}},"21":{"start":{"line":51,"column":4},"end":{"line":54,"column":7}},"22":{"start":{"line":57,"column":24},"end":{"line":74,"column":3}},"23":{"start":{"line":58,"column":4},"end":{"line":73,"column":23}},"24":{"start":{"line":60,"column":21},"end":{"line":60,"column":63}},"25":{"start":{"line":76,"column":2},"end":{"line":82,"column":3}},"26":{"start":{"line":77,"column":4},"end":{"line":81,"column":6}},"27":{"start":{"line":84,"column":2},"end":{"line":93,"column":3}},"28":{"start":{"line":85,"column":4},"end":{"line":92,"column":6}},"29":{"start":{"line":95,"column":2},"end":{"line":129,"column":4}},"30":{"start":{"line":109,"column":70},"end":{"line":109,"column":82}},"31":{"start":{"line":116,"column":10},"end":{"line":116,"column":34}},"32":{"start":{"line":116,"column":22},"end":{"line":116,"column":34}},"33":{"start":{"line":117,"column":20},"end":{"line":117,"column":39}},"34":{"start":{"line":118,"column":10},"end":{"line":121,"column":12}},"35":{"start":{"line":124,"column":32},"end":{"line":124,"column":96}},"36":{"start":{"line":132,"column":15},"end":{"line":257,"column":2}}},"fnMap":{"0":{"name":"UmasScreen","decl":{"start":{"line":21,"column":24},"end":{"line":21,"column":34}},"loc":{"start":{"line":21,"column":37},"end":{"line":130,"column":1}},"line":21},"1":{"name":"(anonymous_1)","decl":{"start":{"line":28,"column":12},"end":{"line":28,"column":13}},"loc":{"start":{"line":28,"column":18},"end":{"line":30,"column":3}},"line":28},"2":{"name":"(anonymous_2)","decl":{"start":{"line":32,"column":20},"end":{"line":32,"column":21}},"loc":{"start":{"line":32,"column":32},"end":{"line":48,"column":3}},"line":32},"3":{"name":"(anonymous_3)","decl":{"start":{"line":50,"column":25},"end":{"line":50,"column":26}},"loc":{"start":{"line":50,"column":44},"end":{"line":55,"column":3}},"line":50},"4":{"name":"(anonymous_4)","decl":{"start":{"line":57,"column":24},"end":{"line":57,"column":25}},"loc":{"start":{"line":58,"column":4},"end":{"line":73,"column":23}},"line":58},"5":{"name":"(anonymous_5)","decl":{"start":{"line":60,"column":15},"end":{"line":60,"column":16}},"loc":{"start":{"line":60,"column":21},"end":{"line":60,"column":63}},"line":60},"6":{"name":"(anonymous_6)","decl":{"start":{"line":109,"column":64},"end":{"line":109,"column":65}},"loc":{"start":{"line":109,"column":70},"end":{"line":109,"column":82}},"line":109},"7":{"name":"(anonymous_7)","decl":{"start":{"line":115,"column":26},"end":{"line":115,"column":27}},"loc":{"start":{"line":115,"column":31},"end":{"line":122,"column":9}},"line":115},"8":{"name":"(anonymous_8)","decl":{"start":{"line":124,"column":22},"end":{"line":124,"column":23}},"loc":{"start":{"line":124,"column":32},"end":{"line":124,"column":96}},"line":124}},"branchMap":{"0":{"loc":{"start":{"line":36,"column":6},"end":{"line":38,"column":7}},"type":"if","locations":[{"start":{"line":36,"column":6},"end":{"line":38,"column":7}},{"start":{},"end":{}}],"line":36},"1":{"loc":{"start":{"line":43,"column":15},"end":{"line":43,"column":71}},"type":"cond-expr","locations":[{"start":{"line":43,"column":38},"end":{"line":43,"column":49}},{"start":{"line":43,"column":52},"end":{"line":43,"column":71}}],"line":43},"2":{"loc":{"start":{"line":60,"column":36},"end":{"line":60,"column":62}},"type":"binary-expr","locations":[{"start":{"line":60,"column":36},"end":{"line":60,"column":43}},{"start":{"line":60,"column":47},"end":{"line":60,"column":57}},{"start":{"line":60,"column":61},"end":{"line":60,"column":62}}],"line":60},"3":{"loc":{"start":{"line":63,"column":23},"end":{"line":63,"column":73}},"type":"binary-expr","locations":[{"start":{"line":63,"column":23},"end":{"line":63,"column":35}},{"start":{"line":63,"column":39},"end":{"line":63,"column":55}},{"start":{"line":63,"column":59},"end":{"line":63,"column":73}}],"line":63},"4":{"loc":{"start":{"line":68,"column":38},"end":{"line":68,"column":76}},"type":"binary-expr","locations":[{"start":{"line":68,"column":38},"end":{"line":68,"column":47}},{"start":{"line":68,"column":51},"end":{"line":68,"column":63}},{"start":{"line":68,"column":67},"end":{"line":68,"column":76}}],"line":68},"5":{"loc":{"start":{"line":69,"column":9},"end":{"line":71,"column":9}},"type":"binary-expr","locations":[{"start":{"line":69,"column":9},"end":{"line":69,"column":20}},{"start":{"line":70,"column":10},"end":{"line":70,"column":76}}],"line":69},"6":{"loc":{"start":{"line":76,"column":2},"end":{"line":82,"column":3}},"type":"if","locations":[{"start":{"line":76,"column":2},"end":{"line":82,"column":3}},{"start":{},"end":{}}],"line":76},"7":{"loc":{"start":{"line":84,"column":2},"end":{"line":93,"column":3}},"type":"if","locations":[{"start":{"line":84,"column":2},"end":{"line":93,"column":3}},{"start":{},"end":{}}],"line":84},"8":{"loc":{"start":{"line":108,"column":9},"end":{"line":112,"column":9}},"type":"binary-expr","locations":[{"start":{"line":108,"column":9},"end":{"line":108,"column":25}},{"start":{"line":109,"column":10},"end":{"line":111,"column":29}}],"line":108},"9":{"loc":{"start":{"line":116,"column":10},"end":{"line":116,"column":34}},"type":"if","locations":[{"start":{"line":116,"column":10},"end":{"line":116,"column":34}},{"start":{},"end":{}}],"line":116},"10":{"loc":{"start":{"line":119,"column":12},"end":{"line":120,"column":62}},"type":"binary-expr","locations":[{"start":{"line":119,"column":13},"end":{"line":119,"column":19}},{"start":{"line":119,"column":23},"end":{"line":119,"column":55}},{"start":{"line":120,"column":13},"end":{"line":120,"column":22}},{"start":{"line":120,"column":26},"end":{"line":120,"column":61}}],"line":119},"11":{"loc":{"start":{"line":124,"column":39},"end":{"line":124,"column":95}},"type":"binary-expr","locations":[{"start":{"line":124,"column":39},"end":{"line":124,"column":46}},{"start":{"line":124,"column":50},"end":{"line":124,"column":60}},{"start":{"line":124,"column":64},"end":{"line":124,"column":73}},{"start":{"line":124,"column":77},"end":{"line":124,"column":89}},{"start":{"line":124,"column":93},"end":{"line":124,"column":95}}],"line":124}},"s":{"0":1,"1":30,"2":30,"3":30,"4":30,"5":30,"6":30,"7":13,"8":30,"9":14,"10":14,"11":14,"12":11,"13":0,"14":11,"15":11,"16":11,"17":3,"18":3,"19":14,"20":30,"21":1,"22":30,"23":24,"24":1,"25":30,"26":14,"27":16,"28":3,"29":13,"30":0,"31":26,"32":22,"33":4,"34":4,"35":37,"36":1},"f":{"0":30,"1":13,"2":14,"3":1,"4":24,"5":1,"6":0,"7":26,"8":37},"b":{"0":[0,11],"1":[3,0],"2":[1,0,0],"3":[24,0,0],"4":[24,0,0],"5":[24,24],"6":[14,16],"7":[3,13],"8":[13,2],"9":[22,4],"10":[4,4,2,0],"11":[37,0,0,0,0]},"_coverageSchema":"1a1c01bbd47fc00a2c39e90264f33305004495a9","hash":"9acfd954f6830ed409deea498d89a865422b6279"}
,"C:\\Users\\ezedi\\Documents\\uma\\fe\\lib\\constants.ts": {"path":"C:\\Users\\ezedi\\Documents\\uma\\fe\\lib\\constants.ts","statementMap":{"0":{"start":{"line":2,"column":23},"end":{"line":2,"column":65}},"1":{"start":{"line":5,"column":28},"end":{"line":20,"column":10}},"2":{"start":{"line":18,"column":26},"end":{"line":18,"column":45}}},"fnMap":{"0":{"name":"(anonymous_0)","decl":{"start":{"line":18,"column":10},"end":{"line":18,"column":11}},"loc":{"start":{"line":18,"column":26},"end":{"line":18,"column":45}},"line":18}},"branchMap":{},"s":{"0":0,"1":0,"2":0},"f":{"0":0},"b":{}}
,"C:\\Users\\ezedi\\Documents\\uma\\fe\\lib\\storage.ts": {"path":"C:\\Users\\ezedi\\Documents\\uma\\fe\\lib\\storage.ts","statementMap":{"0":{"start":{"line":4,"column":23},"end":{"line":99,"column":1}},"1":{"start":{"line":7,"column":4},"end":{"line":12,"column":7}},"2":{"start":{"line":16,"column":45},"end":{"line":21,"column":6}},"3":{"start":{"line":23,"column":4},"end":{"line":28,"column":6}},"4":{"start":{"line":32,"column":4},"end":{"line":37,"column":7}},"5":{"start":{"line":41,"column":18},"end":{"line":41,"column":69}},"6":{"start":{"line":42,"column":4},"end":{"line":42,"column":19}},"7":{"start":{"line":47,"column":4},"end":{"line":51,"column":5}},"8":{"start":{"line":48,"column":6},"end":{"line":48,"column":61}},"9":{"start":{"line":50,"column":6},"end":{"line":50,"column":53}},"10":{"start":{"line":55,"column":4},"end":{"line":61,"column":5}},"11":{"start":{"line":56,"column":20},"end":{"line":56,"column":51}},"12":{"start":{"line":57,"column":6},"end":{"line":57,"column":46}},"13":{"start":{"line":59,"column":6},"end":{"line":59,"column":53}},"14":{"start":{"line":60,"column":6},"end":{"line":60,"column":18}},"15":{"start":{"line":65,"column":4},"end":{"line":69,"column":5}},"16":{"start":{"line":66,"column":6},"end":{"line":66,"column":41}},"17":{"start":{"line":68,"column":6},"end":{"line":68,"column":56}},"18":{"start":{"line":74,"column":22},"end":{"line":78,"column":5}},"19":{"start":{"line":79,"column":4},"end":{"line":79,"column":39}},"20":{"start":{"line":83,"column":19},"end":{"line":83,"column":42}},"21":{"start":{"line":84,"column":4},"end":{"line":84,"column":29}},"22":{"start":{"line":84,"column":17},"end":{"line":84,"column":29}},"23":{"start":{"line":87,"column":4},"end":{"line":90,"column":5}},"24":{"start":{"line":88,"column":6},"end":{"line":88,"column":33}},"25":{"start":{"line":89,"column":6},"end":{"line":89,"column":18}},"26":{"start":{"line":92,"column":4},"end":{"line":92,"column":23}},"27":{"start":{"line":97,"column":4},"end":{"line":97,"column":31}}},"fnMap":{"0":{"name":"(anonymous_0)","decl":{"start":{"line":6,"column":2},"end":{"line":6,"column":3}},"loc":{"start":{"line":6,"column":81},"end":{"line":13,"column":3}},"line":6},"1":{"name":"(anonymous_1)","decl":{"start":{"line":15,"column":2},"end":{"line":15,"column":3}},"loc":{"start":{"line":15,"column":18},"end":{"line":29,"column":3}},"line":15},"2":{"name":"(anonymous_2)","decl":{"start":{"line":31,"column":2},"end":{"line":31,"column":3}},"loc":{"start":{"line":31,"column":20},"end":{"line":38,"column":3}},"line":31},"3":{"name":"(anonymous_3)","decl":{"start":{"line":40,"column":2},"end":{"line":40,"column":3}},"loc":{"start":{"line":40,"column":26},"end":{"line":43,"column":3}},"line":40},"4":{"name":"(anonymous_4)","decl":{"start":{"line":46,"column":2},"end":{"line":46,"column":3}},"loc":{"start":{"line":46,"column":41},"end":{"line":52,"column":3}},"line":46},"5":{"name":"(anonymous_5)","decl":{"start":{"line":54,"column":2},"end":{"line":54,"column":3}},"loc":{"start":{"line":54,"column":29},"end":{"line":62,"column":3}},"line":54},"6":{"name":"(anonymous_6)","decl":{"start":{"line":64,"column":2},"end":{"line":64,"column":3}},"loc":{"start":{"line":64,"column":32},"end":{"line":70,"column":3}},"line":64},"7":{"name":"(anonymous_7)","decl":{"start":{"line":73,"column":2},"end":{"line":73,"column":3}},"loc":{"start":{"line":73,"column":69},"end":{"line":80,"column":3}},"line":73},"8":{"name":"(anonymous_8)","decl":{"start":{"line":82,"column":2},"end":{"line":82,"column":3}},"loc":{"start":{"line":82,"column":30},"end":{"line":93,"column":3}},"line":82},"9":{"name":"(anonymous_9)","decl":{"start":{"line":96,"column":2},"end":{"line":96,"column":3}},"loc":{"start":{"line":96,"column":19},"end":{"line":98,"column":3}},"line":96}},"branchMap":{"0":{"loc":{"start":{"line":25,"column":14},"end":{"line":25,"column":52}},"type":"cond-expr","locations":[{"start":{"line":25,"column":26},"end":{"line":25,"column":45}},{"start":{"line":25,"column":48},"end":{"line":25,"column":52}}],"line":25},"1":{"loc":{"start":{"line":57,"column":13},"end":{"line":57,"column":45}},"type":"cond-expr","locations":[{"start":{"line":57,"column":21},"end":{"line":57,"column":38}},{"start":{"line":57,"column":41},"end":{"line":57,"column":45}}],"line":57},"2":{"loc":{"start":{"line":73,"column":41},"end":{"line":73,"column":67}},"type":"default-arg","locations":[{"start":{"line":73,"column":65},"end":{"line":73,"column":67}}],"line":73},"3":{"loc":{"start":{"line":84,"column":4},"end":{"line":84,"column":29}},"type":"if","locations":[{"start":{"line":84,"column":4},"end":{"line":84,"column":29}},{"start":{},"end":{}}],"line":84},"4":{"loc":{"start":{"line":87,"column":4},"end":{"line":90,"column":5}},"type":"if","locations":[{"start":{"line":87,"column":4},"end":{"line":90,"column":5}},{"start":{},"end":{}}],"line":87}},"s":{"0":0,"1":0,"2":0,"3":0,"4":0,"5":0,"6":0,"7":0,"8":0,"9":0,"10":0,"11":0,"12":0,"13":0,"14":0,"15":0,"16":0,"17":0,"18":0,"19":0,"20":0,"21":0,"22":0,"23":0,"24":0,"25":0,"26":0,"27":0},"f":{"0":0,"1":0,"2":0,"3":0,"4":0,"5":0,"6":0,"7":0,"8":0,"9":0},"b":{"0":[0,0],"1":[0,0],"2":[0],"3":[0,0],"4":[0,0]}}
}
