TN:
SF:app\_layout.tsx
FN:10,RootLayout
FN:15,(anonymous_1)
FN:66,(anonymous_2)
FN:96,(anonymous_3)
FN:103,(anonymous_4)
FN:108,(anonymous_5)
FN:117,(anonymous_6)
FNF:7
FNH:0
FNDA:0,RootLayout
FNDA:0,(anonymous_1)
FNDA:0,(anonymous_2)
FNDA:0,(anonymous_3)
FNDA:0,(anonymous_4)
FNDA:0,(anonymous_5)
FNDA:0,(anonymous_6)
DA:8,0
DA:11,0
DA:12,0
DA:13,0
DA:15,0
DA:16,0
DA:18,0
DA:19,0
DA:20,0
DA:21,0
DA:24,0
DA:25,0
DA:26,0
DA:27,0
DA:28,0
DA:30,0
DA:32,0
DA:40,0
DA:42,0
DA:43,0
DA:44,0
DA:50,0
DA:51,0
DA:53,0
DA:54,0
DA:55,0
DA:56,0
DA:57,0
DA:58,0
DA:61,0
DA:62,0
DA:66,0
DA:67,0
DA:68,0
DA:69,0
DA:73,0
DA:74,0
DA:77,0
DA:84,0
DA:87,0
DA:89,0
DA:92,0
DA:96,0
DA:97,0
DA:99,0
DA:102,0
DA:103,0
DA:104,0
DA:108,0
DA:109,0
DA:110,0
DA:115,0
DA:117,0
DA:121,0
DA:122,0
DA:125,0
LF:56
LH:0
BRDA:18,0,0,0
BRDA:18,0,1,0
BRDA:18,1,0,0
BRDA:18,1,1,0
BRDA:20,2,0,0
BRDA:20,2,1,0
BRDA:30,3,0,0
BRDA:30,3,1,0
BRDA:30,4,0,0
BRDA:30,4,1,0
BRDA:35,5,0,0
BRDA:35,5,1,0
BRDA:36,6,0,0
BRDA:36,6,1,0
BRDA:51,7,0,0
BRDA:51,7,1,0
BRDA:53,8,0,0
BRDA:53,8,1,0
BRDA:53,9,0,0
BRDA:53,9,1,0
BRDA:56,10,0,0
BRDA:56,10,1,0
BRDA:56,11,0,0
BRDA:56,11,1,0
BRDA:73,12,0,0
BRDA:73,12,1,0
BRDA:73,13,0,0
BRDA:73,13,1,0
BRDA:73,13,2,0
BRDA:73,13,3,0
BRDA:80,14,0,0
BRDA:80,14,1,0
BRDA:81,15,0,0
BRDA:81,15,1,0
BRDA:97,16,0,0
BRDA:97,16,1,0
BRDA:109,17,0,0
BRDA:109,17,1,0
BRDA:121,18,0,0
BRDA:121,18,1,0
BRF:40
BRH:0
end_of_record
TN:
SF:app\inbox.tsx
FN:16,InboxPage
FN:23,(anonymous_1)
FN:28,(anonymous_2)
FN:36,(anonymous_3)
FN:64,(anonymous_4)
FN:105,(anonymous_5)
FN:106,(anonymous_6)
FN:122,(anonymous_7)
FN:132,(anonymous_8)
FNF:9
FNH:8
FNDA:25,InboxPage
FNDA:12,(anonymous_1)
FNDA:12,(anonymous_2)
FNDA:13,(anonymous_3)
FNDA:1,(anonymous_4)
FNDA:4,(anonymous_5)
FNDA:1,(anonymous_6)
FNDA:0,(anonymous_7)
FNDA:7,(anonymous_8)
DA:17,25
DA:18,25
DA:19,25
DA:20,25
DA:21,25
DA:23,25
DA:24,12
DA:28,25
DA:29,12
DA:30,12
DA:31,12
DA:33,12
DA:36,25
DA:37,13
DA:38,13
DA:40,13
DA:45,12
DA:46,12
DA:47,12
DA:48,12
DA:51,12
DA:54,11
DA:55,11
DA:56,11
DA:58,1
DA:60,12
DA:64,25
DA:65,1
DA:67,1
DA:72,1
DA:73,1
DA:74,1
DA:75,1
DA:78,1
DA:85,1
DA:89,1
DA:91,1
DA:93,1
DA:95,0
DA:96,0
DA:101,0
DA:105,25
DA:106,4
DA:117,25
DA:122,0
DA:132,7
DA:142,1
LF:47
LH:43
BRDA:30,0,0,12
BRDA:30,0,1,0
BRDA:33,1,0,12
BRDA:33,1,1,0
BRDA:89,2,0,1
BRDA:89,2,1,0
BRDA:96,3,0,0
BRDA:96,3,1,0
BRF:8
BRH:3
end_of_record
TN:
SF:app\index.tsx
FN:14,(anonymous_0)
FN:18,(anonymous_1)
FN:19,(anonymous_2)
FN:39,(anonymous_3)
FN:70,Index
FN:81,(anonymous_5)
FN:90,(anonymous_6)
FN:101,(anonymous_7)
FN:104,(anonymous_8)
FN:108,(anonymous_9)
FN:115,(anonymous_10)
FN:123,(anonymous_11)
FN:127,(anonymous_12)
FN:148,(anonymous_13)
FN:156,(anonymous_14)
FN:160,(anonymous_15)
FN:168,(anonymous_16)
FN:170,(anonymous_17)
FN:176,(anonymous_18)
FN:183,(anonymous_19)
FN:185,(anonymous_20)
FN:194,(anonymous_21)
FNF:22
FNH:12
FNDA:1200,(anonymous_0)
FNDA:500,(anonymous_1)
FNDA:817,(anonymous_2)
FNDA:317,(anonymous_3)
FNDA:34,Index
FNDA:10,(anonymous_5)
FNDA:500,(anonymous_6)
FNDA:5,(anonymous_7)
FNDA:5,(anonymous_8)
FNDA:1,(anonymous_9)
FNDA:0,(anonymous_10)
FNDA:0,(anonymous_11)
FNDA:5,(anonymous_12)
FNDA:0,(anonymous_13)
FNDA:0,(anonymous_14)
FNDA:0,(anonymous_15)
FNDA:0,(anonymous_16)
FNDA:0,(anonymous_17)
FNDA:0,(anonymous_18)
FNDA:0,(anonymous_19)
FNDA:0,(anonymous_20)
FNDA:1200,(anonymous_21)
DA:12,1
DA:14,1
DA:15,1200
DA:16,1200
DA:18,1200
DA:19,500
DA:20,817
DA:21,817
DA:23,817
DA:40,317
DA:44,500
DA:47,1200
DA:52,1200
DA:71,34
DA:73,34
DA:74,34
DA:75,34
DA:76,34
DA:77,34
DA:78,34
DA:79,34
DA:81,34
DA:83,10
DA:90,500
DA:98,10
DA:101,34
DA:102,5
DA:103,5
DA:104,5
DA:105,5
DA:108,34
DA:109,1
DA:110,1
DA:111,0
DA:115,34
DA:117,0
DA:118,0
DA:119,0
DA:120,0
DA:123,34
DA:124,0
DA:127,34
DA:128,5
DA:129,2
DA:130,2
DA:133,3
DA:134,3
DA:141,2
DA:142,2
DA:143,1
DA:144,1
DA:147,1
DA:148,1
DA:150,1
DA:151,1
DA:156,34
DA:157,0
DA:160,34
DA:161,0
DA:162,0
DA:164,0
DA:165,0
DA:166,0
DA:168,0
DA:169,0
DA:171,0
DA:176,34
DA:177,0
DA:178,0
DA:179,0
DA:180,0
DA:181,0
DA:183,0
DA:184,0
DA:186,0
DA:191,34
DA:195,1200
DA:268,1
LF:78
LH:55
BRDA:19,0,0,0
BRDA:24,1,0,500
BRDA:24,1,1,317
BRDA:33,2,0,401
BRDA:33,2,1,416
BRDA:48,3,0,675
BRDA:48,3,1,525
BRDA:49,4,0,675
BRDA:49,4,1,525
BRDA:104,5,0,5
BRDA:104,5,1,4
BRDA:110,6,0,0
BRDA:110,6,1,1
BRDA:117,7,0,0
BRDA:117,7,1,0
BRDA:118,8,0,0
BRDA:118,8,1,0
BRDA:119,9,0,0
BRDA:119,9,1,0
BRDA:128,10,0,2
BRDA:128,10,1,3
BRDA:128,11,0,5
BRDA:128,11,1,3
BRDA:142,12,0,1
BRDA:142,12,1,1
BRDA:143,13,0,1
BRDA:143,13,1,0
BRDA:148,14,0,1
BRDA:148,14,1,0
BRDA:164,15,0,0
BRDA:164,15,1,0
BRDA:166,16,0,0
BRDA:166,16,1,0
BRDA:166,17,0,0
BRDA:166,17,1,0
BRDA:179,18,0,0
BRDA:179,18,1,0
BRDA:181,19,0,0
BRDA:181,19,1,0
BRDA:181,20,0,0
BRDA:181,20,1,0
BRF:41
BRH:19
end_of_record
TN:
SF:app\postMaker.tsx
FN:13,PostMaker
FN:21,(anonymous_1)
FN:25,(anonymous_2)
FN:32,(anonymous_3)
FN:43,(anonymous_4)
FN:77,(anonymous_5)
FN:118,(anonymous_6)
FNF:7
FNH:0
FNDA:0,PostMaker
FNDA:0,(anonymous_1)
FNDA:0,(anonymous_2)
FNDA:0,(anonymous_3)
FNDA:0,(anonymous_4)
FNDA:0,(anonymous_5)
FNDA:0,(anonymous_6)
DA:9,0
DA:14,0
DA:15,0
DA:16,0
DA:17,0
DA:18,0
DA:19,0
DA:21,0
DA:22,0
DA:25,0
DA:26,0
DA:27,0
DA:28,0
DA:32,0
DA:33,0
DA:34,0
DA:35,0
DA:36,0
DA:39,0
DA:43,0
DA:44,0
DA:45,0
DA:46,0
DA:47,0
DA:48,0
DA:51,0
DA:53,0
DA:55,0
DA:57,0
DA:60,0
DA:62,0
DA:63,0
DA:66,0
DA:67,0
DA:73,0
DA:77,0
DA:78,0
DA:81,0
DA:118,0
DA:152,0
LF:40
LH:0
BRDA:27,0,0,0
BRDA:27,0,1,0
BRDA:35,1,0,0
BRDA:35,1,1,0
BRDA:47,2,0,0
BRDA:47,2,1,0
BRDA:53,3,0,0
BRDA:53,3,1,0
BRDA:62,4,0,0
BRDA:62,4,1,0
BRDA:109,5,0,0
BRDA:109,5,1,0
BRDA:130,6,0,0
BRDA:130,6,1,0
BRDA:136,7,0,0
BRDA:136,7,1,0
BRDA:136,7,2,0
BRDA:136,7,3,0
BRDA:138,8,0,0
BRDA:138,8,1,0
BRDA:138,8,2,0
BRDA:140,9,0,0
BRDA:140,9,1,0
BRF:23
BRH:0
end_of_record
TN:
SF:app\profile.tsx
FN:16,ProfilePage
FN:23,(anonymous_1)
FN:27,(anonymous_2)
FN:34,(anonymous_3)
FN:56,(anonymous_4)
FN:119,(anonymous_5)
FN:140,(anonymous_6)
FNF:7
FNH:0
FNDA:0,ProfilePage
FNDA:0,(anonymous_1)
FNDA:0,(anonymous_2)
FNDA:0,(anonymous_3)
FNDA:0,(anonymous_4)
FNDA:0,(anonymous_5)
FNDA:0,(anonymous_6)
DA:17,0
DA:18,0
DA:19,0
DA:20,0
DA:21,0
DA:23,0
DA:24,0
DA:27,0
DA:28,0
DA:29,0
DA:30,0
DA:34,0
DA:35,0
DA:36,0
DA:37,0
DA:40,0
DA:41,0
DA:42,0
DA:47,0
DA:48,0
DA:50,0
DA:52,0
DA:56,0
DA:67,0
DA:68,0
DA:71,0
DA:76,0
DA:77,0
DA:78,0
DA:81,0
DA:86,0
DA:87,0
DA:88,0
DA:90,0
DA:92,0
DA:102,0
DA:103,0
DA:104,0
DA:106,0
DA:107,0
DA:109,0
DA:113,0
DA:114,0
DA:119,0
DA:120,0
DA:121,0
DA:125,0
DA:126,0
DA:134,0
DA:140,0
DA:200,0
LF:51
LH:0
BRDA:29,0,0,0
BRDA:29,0,1,0
BRDA:35,1,0,0
BRDA:35,1,1,0
BRDA:35,2,0,0
BRDA:35,2,1,0
BRDA:106,3,0,0
BRDA:106,3,1,0
BRDA:109,4,0,0
BRDA:109,4,1,0
BRDA:120,5,0,0
BRDA:120,5,1,0
BRDA:125,6,0,0
BRDA:125,6,1,0
BRDA:168,7,0,0
BRDA:168,7,1,0
BRDA:182,8,0,0
BRDA:182,8,1,0
BRF:18
BRH:0
end_of_record
TN:
SF:app\signup.tsx
FN:16,(anonymous_0)
FN:20,(anonymous_1)
FN:21,(anonymous_2)
FN:41,(anonymous_3)
FN:72,Index
FN:97,(anonymous_5)
FN:106,(anonymous_6)
FN:118,(anonymous_7)
FN:121,(anonymous_8)
FN:125,(anonymous_9)
FN:132,(anonymous_10)
FN:163,(anonymous_11)
FN:171,(anonymous_12)
FN:178,(anonymous_13)
FNF:14
FNH:12
FNDA:2150,(anonymous_0)
FNDA:750,(anonymous_1)
FNDA:1495,(anonymous_2)
FNDA:745,(anonymous_3)
FNDA:58,Index
FNDA:15,(anonymous_5)
FNDA:750,(anonymous_6)
FNDA:9,(anonymous_7)
FNDA:9,(anonymous_8)
FNDA:1,(anonymous_9)
FNDA:9,(anonymous_10)
FNDA:0,(anonymous_11)
FNDA:0,(anonymous_12)
FNDA:2150,(anonymous_13)
DA:14,1
DA:16,1
DA:17,2150
DA:18,2150
DA:20,2150
DA:21,750
DA:22,1495
DA:23,1495
DA:25,1495
DA:42,745
DA:46,750
DA:49,2150
DA:54,2150
DA:86,58
DA:87,58
DA:88,58
DA:89,58
DA:90,58
DA:91,58
DA:92,58
DA:93,58
DA:94,58
DA:97,58
DA:99,15
DA:106,750
DA:114,15
DA:118,58
DA:119,9
DA:120,9
DA:121,9
DA:122,9
DA:125,58
DA:126,1
DA:127,1
DA:128,0
DA:132,58
DA:133,9
DA:136,9
DA:137,5
DA:138,5
DA:141,4
DA:142,4
DA:148,3
DA:150,3
DA:152,1
DA:153,1
DA:154,1
DA:157,2
DA:160,2
DA:163,0
DA:166,1
DA:167,1
DA:171,58
DA:172,0
DA:175,58
DA:179,2150
DA:243,1
LF:57
LH:54
BRDA:21,0,0,0
BRDA:26,1,0,750
BRDA:26,1,1,745
BRDA:35,2,0,694
BRDA:35,2,1,801
BRDA:50,3,0,1178
BRDA:50,3,1,972
BRDA:51,4,0,1178
BRDA:51,4,1,972
BRDA:121,5,0,9
BRDA:121,5,1,7
BRDA:127,6,0,0
BRDA:127,6,1,1
BRDA:136,7,0,5
BRDA:136,7,1,4
BRDA:136,8,0,9
BRDA:136,8,1,5
BRDA:136,8,2,4
BRDA:150,9,0,1
BRDA:150,9,1,2
BRDA:152,10,0,1
BRDA:152,10,1,0
BRF:22
BRH:19
end_of_record
TN:
SF:app\umaDetail.tsx
FN:36,UmaDetailScreen
FN:50,(anonymous_1)
FN:57,(anonymous_2)
FN:69,(anonymous_3)
FN:87,(anonymous_4)
FN:102,(anonymous_5)
FN:116,(anonymous_6)
FN:132,(anonymous_7)
FN:144,(anonymous_8)
FN:173,(anonymous_9)
FN:178,(anonymous_10)
FN:193,(anonymous_11)
FN:203,(anonymous_12)
FN:211,(anonymous_13)
FN:232,(anonymous_14)
FN:233,(anonymous_15)
FN:233,(anonymous_16)
FN:234,(anonymous_17)
FN:234,(anonymous_18)
FN:244,(anonymous_19)
FN:253,(anonymous_20)
FN:254,(anonymous_21)
FN:254,(anonymous_22)
FN:255,(anonymous_23)
FN:255,(anonymous_24)
FNF:25
FNH:22
FNDA:47,UmaDetailScreen
FNDA:16,(anonymous_1)
FNDA:30,(anonymous_2)
FNDA:17,(anonymous_3)
FNDA:16,(anonymous_4)
FNDA:1,(anonymous_5)
FNDA:1,(anonymous_6)
FNDA:1,(anonymous_7)
FNDA:26,(anonymous_8)
FNDA:0,(anonymous_9)
FNDA:1,(anonymous_10)
FNDA:0,(anonymous_11)
FNDA:0,(anonymous_12)
FNDA:1,(anonymous_13)
FNDA:27,(anonymous_14)
FNDA:52,(anonymous_15)
FNDA:78,(anonymous_16)
FNDA:2,(anonymous_17)
FNDA:4,(anonymous_18)
FNDA:54,(anonymous_19)
FNDA:27,(anonymous_20)
FNDA:26,(anonymous_21)
FNDA:52,(anonymous_22)
FNDA:1,(anonymous_23)
FNDA:4,(anonymous_24)
DA:5,1
DA:38,47
DA:39,47
DA:40,47
DA:41,47
DA:42,47
DA:43,47
DA:44,47
DA:45,47
DA:46,47
DA:47,47
DA:48,47
DA:50,47
DA:51,16
DA:52,16
DA:53,16
DA:57,47
DA:59,30
DA:60,13
DA:61,13
DA:62,13
DA:63,13
DA:64,13
DA:65,13
DA:69,47
DA:70,17
DA:71,17
DA:72,17
DA:73,13
DA:74,0
DA:76,13
DA:77,13
DA:78,13
DA:80,3
DA:81,3
DA:83,16
DA:87,47
DA:88,16
DA:89,16
DA:90,13
DA:91,1
DA:93,12
DA:94,12
DA:96,3
DA:102,47
DA:103,1
DA:104,1
DA:107,1
DA:108,1
DA:111,1
DA:117,1
DA:118,1
DA:127,1
DA:133,1
DA:134,1
DA:144,47
DA:145,26
DA:146,24
DA:147,24
DA:148,24
DA:149,24
DA:150,24
DA:151,24
DA:152,24
DA:154,0
DA:158,47
DA:159,17
DA:166,30
DA:167,3
DA:173,0
DA:178,1
DA:188,27
DA:193,0
DA:203,0
DA:211,1
DA:233,78
DA:234,27
DA:235,27
DA:244,54
DA:254,52
DA:255,27
DA:256,27
DA:260,27
DA:290,1
LF:84
LH:79
BRDA:51,0,0,16
BRDA:51,0,1,0
BRDA:59,1,0,13
BRDA:59,1,1,17
BRDA:60,2,0,13
BRDA:60,2,1,0
BRDA:60,3,0,0
BRDA:60,3,1,0
BRDA:60,3,2,0
BRDA:61,4,0,13
BRDA:61,4,1,0
BRDA:73,5,0,0
BRDA:73,5,1,13
BRDA:80,6,0,3
BRDA:80,6,1,0
BRDA:90,7,0,1
BRDA:90,7,1,12
BRDA:103,8,0,0
BRDA:103,8,1,1
BRDA:103,9,0,1
BRDA:103,9,1,1
BRDA:107,10,0,0
BRDA:107,10,1,1
BRDA:107,11,0,1
BRDA:107,11,1,0
BRDA:107,11,2,0
BRDA:108,12,0,0
BRDA:108,12,1,1
BRDA:145,13,0,2
BRDA:145,13,1,24
BRDA:158,14,0,17
BRDA:158,14,1,30
BRDA:166,15,0,3
BRDA:166,15,1,27
BRDA:166,16,0,30
BRDA:166,16,1,27
BRDA:177,17,0,3
BRDA:177,17,1,0
BRDA:202,18,0,27
BRDA:202,18,1,26
BRDA:205,19,0,27
BRDA:205,19,1,26
BRDA:210,20,0,27
BRDA:210,20,1,1
BRDA:213,21,0,27
BRDA:213,21,1,1
BRDA:217,22,0,27
BRDA:217,22,1,1
BRDA:218,23,0,27
BRDA:218,23,1,1
BRDA:220,24,0,27
BRDA:220,24,1,13
BRDA:227,25,0,26
BRDA:227,25,1,1
BRDA:227,26,0,26
BRDA:227,26,1,2
BRDA:227,27,0,1
BRDA:227,27,1,0
BRDA:227,27,2,0
BRDA:227,27,3,0
BRDA:235,28,0,26
BRDA:235,28,1,1
BRDA:237,29,0,26
BRDA:237,29,1,2
BRDA:241,30,0,1
BRDA:241,30,1,0
BRDA:242,31,0,1
BRDA:242,31,1,0
BRDA:244,32,0,50
BRDA:244,32,1,4
BRDA:256,33,0,26
BRDA:256,33,1,1
BRDA:260,34,0,25
BRDA:260,34,1,2
BRDA:269,35,0,27
BRDA:269,35,1,26
BRDA:271,36,0,26
BRDA:271,36,1,14
BRDA:278,37,0,27
BRDA:278,37,1,1
BRDA:280,38,0,1
BRDA:280,38,1,0
BRDA:280,38,2,0
BRDA:280,38,3,0
BRF:84
BRH:62
end_of_record
TN:
SF:app\tabs\_layout.tsx
FN:4,TabsLayout
FN:23,(anonymous_1)
FN:33,(anonymous_2)
FN:43,(anonymous_3)
FN:53,(anonymous_4)
FN:63,(anonymous_5)
FNF:6
FNH:0
FNDA:0,TabsLayout
FNDA:0,(anonymous_1)
FNDA:0,(anonymous_2)
FNDA:0,(anonymous_3)
FNDA:0,(anonymous_4)
FNDA:0,(anonymous_5)
DA:5,0
DA:24,0
DA:34,0
DA:44,0
DA:54,0
DA:64,0
LF:6
LH:0
BRF:0
BRH:0
end_of_record
TN:
SF:app\tabs\account.tsx
FN:9,AccountPage
FN:17,(anonymous_1)
FN:21,(anonymous_2)
FN:28,(anonymous_3)
FN:32,(anonymous_4)
FN:58,(anonymous_5)
FN:64,(anonymous_6)
FN:108,(anonymous_7)
FN:121,(anonymous_8)
FN:126,(anonymous_9)
FN:131,(anonymous_10)
FN:148,(anonymous_11)
FN:169,(anonymous_12)
FN:174,(anonymous_13)
FN:179,(anonymous_14)
FN:190,(anonymous_15)
FNF:16
FNH:7
FNDA:25,AccountPage
FNDA:9,(anonymous_1)
FNDA:9,(anonymous_2)
FNDA:2,(anonymous_3)
FNDA:1,(anonymous_4)
FNDA:2,(anonymous_5)
FNDA:1,(anonymous_6)
FNDA:0,(anonymous_7)
FNDA:0,(anonymous_8)
FNDA:0,(anonymous_9)
FNDA:0,(anonymous_10)
FNDA:0,(anonymous_11)
FNDA:0,(anonymous_12)
FNDA:0,(anonymous_13)
FNDA:0,(anonymous_14)
FNDA:0,(anonymous_15)
DA:7,1
DA:10,25
DA:11,25
DA:12,25
DA:13,25
DA:14,25
DA:15,25
DA:17,25
DA:18,9
DA:21,25
DA:22,9
DA:23,9
DA:24,9
DA:28,25
DA:29,2
DA:32,25
DA:33,1
DA:34,1
DA:43,1
DA:44,1
DA:45,1
DA:46,1
DA:47,1
DA:48,1
DA:49,1
DA:51,0
DA:54,0
DA:58,25
DA:59,2
DA:60,2
DA:61,2
DA:64,25
DA:65,1
DA:66,0
DA:67,0
DA:69,1
DA:70,1
DA:80,1
DA:81,1
DA:82,1
DA:83,1
DA:86,1
DA:87,1
DA:88,1
DA:96,1
DA:97,1
DA:98,1
DA:99,1
DA:101,0
DA:104,0
DA:108,25
DA:109,0
DA:110,0
DA:113,25
DA:121,0
DA:126,0
DA:131,0
DA:149,0
DA:150,0
DA:151,0
DA:169,0
DA:174,0
DA:179,0
DA:191,0
DA:192,0
DA:246,1
LF:66
LH:47
BRDA:23,0,0,9
BRDA:23,0,1,0
BRDA:45,1,0,1
BRDA:45,1,1,0
BRDA:51,2,0,0
BRDA:51,2,1,0
BRDA:65,3,0,0
BRDA:65,3,1,1
BRDA:82,4,0,1
BRDA:82,4,1,0
BRDA:87,5,0,1
BRDA:87,5,1,0
BRDA:89,6,0,1
BRDA:89,6,1,0
BRDA:90,7,0,1
BRDA:90,7,1,0
BRDA:92,8,0,1
BRDA:92,8,1,0
BRDA:101,9,0,0
BRDA:101,9,1,0
BRDA:134,10,0,0
BRDA:134,10,1,25
BRDA:182,11,0,0
BRDA:182,11,1,25
BRF:24
BRH:10
end_of_record
TN:
SF:app\tabs\dms.tsx
FN:8,DMsPage
FN:13,(anonymous_1)
FN:18,(anonymous_2)
FN:26,(anonymous_3)
FN:56,(anonymous_4)
FN:60,(anonymous_5)
FNF:6
FNH:5
FNDA:12,DMsPage
FNDA:5,(anonymous_1)
FNDA:5,(anonymous_2)
FNDA:5,(anonymous_3)
FNDA:2,(anonymous_4)
FNDA:0,(anonymous_5)
DA:6,1
DA:10,12
DA:11,11
DA:13,11
DA:14,5
DA:18,11
DA:19,5
DA:20,5
DA:21,5
DA:23,5
DA:26,11
DA:27,5
DA:29,5
DA:34,5
DA:35,5
DA:36,5
DA:38,5
DA:39,1
DA:40,1
DA:41,1
DA:43,4
DA:47,11
DA:57,2
DA:77,1
LF:24
LH:24
BRDA:20,0,0,5
BRDA:20,0,1,0
BRDA:23,1,0,5
BRDA:23,1,1,0
BRDA:55,2,0,2
BRDA:55,2,1,9
BRF:6
BRH:4
end_of_record
TN:
SF:app\tabs\posts.tsx
FN:21,PostsPage
FN:30,(anonymous_1)
FN:31,(anonymous_2)
FN:38,(anonymous_3)
FN:45,(anonymous_4)
FN:56,(anonymous_5)
FN:57,(anonymous_6)
FN:61,(anonymous_7)
FN:64,(anonymous_8)
FN:70,(anonymous_9)
FN:84,(anonymous_10)
FN:121,(anonymous_11)
FN:138,(anonymous_12)
FN:169,(anonymous_13)
FN:171,(anonymous_14)
FN:173,(anonymous_15)
FN:175,(anonymous_16)
FN:189,(anonymous_17)
FNF:18
FNH:7
FNDA:16,PostsPage
FNDA:8,(anonymous_1)
FNDA:8,(anonymous_2)
FNDA:14,(anonymous_3)
FNDA:14,(anonymous_4)
FNDA:0,(anonymous_5)
FNDA:0,(anonymous_6)
FNDA:0,(anonymous_7)
FNDA:0,(anonymous_8)
FNDA:14,(anonymous_9)
FNDA:0,(anonymous_10)
FNDA:0,(anonymous_11)
FNDA:14,(anonymous_12)
FNDA:0,(anonymous_13)
FNDA:0,(anonymous_14)
FNDA:0,(anonymous_15)
FNDA:0,(anonymous_16)
FNDA:0,(anonymous_17)
DA:10,1
DA:22,16
DA:23,16
DA:24,16
DA:25,16
DA:26,16
DA:27,16
DA:28,16
DA:30,16
DA:31,8
DA:32,8
DA:33,8
DA:35,8
DA:38,8
DA:39,14
DA:40,14
DA:42,8
DA:45,14
DA:47,0
DA:49,8
DA:53,8
DA:56,16
DA:57,0
DA:58,0
DA:59,0
DA:60,0
DA:61,0
DA:63,0
DA:64,0
DA:66,0
DA:70,16
DA:71,14
DA:72,14
DA:73,14
DA:74,14
DA:75,14
DA:76,14
DA:78,14
DA:79,0
DA:80,0
DA:81,0
DA:84,16
DA:85,0
DA:86,0
DA:87,0
DA:88,0
DA:90,0
DA:93,16
DA:121,0
DA:139,14
DA:170,0
DA:171,0
DA:174,0
DA:175,0
DA:176,0
DA:177,0
DA:178,0
DA:189,0
DA:215,1
LF:59
LH:33
BRDA:59,0,0,0
BRDA:59,0,1,0
BRDA:78,1,0,14
BRDA:78,1,1,0
BRDA:79,2,0,0
BRDA:79,2,1,0
BRDA:80,3,0,0
BRDA:80,3,1,0
BRDA:86,4,0,0
BRDA:86,4,1,0
BRDA:128,5,0,8
BRDA:128,5,1,8
BRDA:133,6,0,1
BRDA:133,6,1,7
BRDA:157,7,0,14
BRDA:157,7,1,14
BRDA:159,8,0,14
BRDA:159,8,1,14
BRDA:192,9,0,0
BRDA:192,9,1,14
BRDA:194,10,0,0
BRDA:194,10,1,14
BRDA:196,11,0,0
BRDA:196,11,1,14
BRDA:241,12,0,1
BRDA:241,12,1,0
BRF:26
BRH:13
end_of_record
TN:
SF:app\tabs\search.tsx
FN:18,SearchPage
FN:26,(anonymous_1)
FN:30,(anonymous_2)
FN:37,(anonymous_3)
FN:47,(anonymous_4)
FN:56,profileSelect
FN:60,(anonymous_6)
FN:61,(anonymous_7)
FN:76,(anonymous_8)
FN:89,(anonymous_9)
FN:140,(anonymous_10)
FNF:11
FNH:8
FNDA:30,SearchPage
FNDA:10,(anonymous_1)
FNDA:10,(anonymous_2)
FNDA:5,(anonymous_3)
FNDA:9,(anonymous_4)
FNDA:0,profileSelect
FNDA:8,(anonymous_6)
FNDA:0,(anonymous_7)
FNDA:0,(anonymous_8)
FNDA:5,(anonymous_9)
FNDA:10,(anonymous_10)
DA:16,1
DA:19,30
DA:20,30
DA:21,30
DA:22,30
DA:23,30
DA:26,30
DA:27,10
DA:30,30
DA:31,10
DA:32,10
DA:33,10
DA:37,30
DA:38,5
DA:39,4
DA:40,4
DA:41,4
DA:43,4
DA:44,4
DA:45,4
DA:47,9
DA:48,4
DA:50,0
DA:52,4
DA:57,0
DA:60,30
DA:61,8
DA:70,30
DA:76,0
DA:90,5
DA:91,5
DA:140,10
DA:151,1
LF:33
LH:30
BRDA:32,0,0,10
BRDA:32,0,1,0
BRDA:38,1,0,1
BRDA:38,1,1,4
BRDA:104,2,0,4
BRDA:104,2,1,26
BRDA:109,3,0,30
BRDA:109,3,1,4
BRDA:116,4,0,30
BRDA:116,4,1,26
BRDA:116,4,2,22
BRDA:116,4,3,6
BRDA:123,5,0,30
BRDA:123,5,1,26
BRDA:123,5,2,4
BRDA:123,5,3,1
BRDA:123,5,4,1
BRDA:131,6,0,30
BRDA:131,6,1,26
BRDA:131,6,2,23
BRDA:131,6,3,16
BRDA:131,6,4,16
BRF:22
BRH:21
end_of_record
TN:
SF:app\tabs\umas.tsx
FN:21,UmasScreen
FN:28,(anonymous_1)
FN:32,(anonymous_2)
FN:50,(anonymous_3)
FN:57,(anonymous_4)
FN:60,(anonymous_5)
FN:109,(anonymous_6)
FN:115,(anonymous_7)
FN:124,(anonymous_8)
FNF:9
FNH:8
FNDA:30,UmasScreen
FNDA:13,(anonymous_1)
FNDA:14,(anonymous_2)
FNDA:1,(anonymous_3)
FNDA:24,(anonymous_4)
FNDA:1,(anonymous_5)
FNDA:0,(anonymous_6)
FNDA:26,(anonymous_7)
FNDA:37,(anonymous_8)
DA:5,1
DA:22,30
DA:23,30
DA:24,30
DA:25,30
DA:26,30
DA:28,30
DA:29,13
DA:32,30
DA:33,14
DA:34,14
DA:35,14
DA:36,11
DA:37,0
DA:39,11
DA:40,11
DA:41,11
DA:43,3
DA:44,3
DA:46,14
DA:50,30
DA:51,1
DA:57,30
DA:58,24
DA:60,1
DA:76,30
DA:77,14
DA:84,16
DA:85,3
DA:95,13
DA:109,0
DA:116,26
DA:117,4
DA:118,4
DA:124,37
DA:132,1
LF:36
LH:34
BRDA:36,0,0,0
BRDA:36,0,1,11
BRDA:43,1,0,3
BRDA:43,1,1,0
BRDA:60,2,0,1
BRDA:60,2,1,0
BRDA:60,2,2,0
BRDA:63,3,0,24
BRDA:63,3,1,0
BRDA:63,3,2,0
BRDA:68,4,0,24
BRDA:68,4,1,0
BRDA:68,4,2,0
BRDA:69,5,0,24
BRDA:69,5,1,24
BRDA:76,6,0,14
BRDA:76,6,1,16
BRDA:84,7,0,3
BRDA:84,7,1,13
BRDA:108,8,0,13
BRDA:108,8,1,2
BRDA:116,9,0,22
BRDA:116,9,1,4
BRDA:119,10,0,4
BRDA:119,10,1,4
BRDA:119,10,2,2
BRDA:119,10,3,0
BRDA:124,11,0,37
BRDA:124,11,1,0
BRDA:124,11,2,0
BRDA:124,11,3,0
BRDA:124,11,4,0
BRF:32
BRH:19
end_of_record
TN:
SF:lib\constants.ts
FN:18,(anonymous_0)
FNF:1
FNH:0
FNDA:0,(anonymous_0)
DA:2,0
DA:5,0
DA:18,0
LF:3
LH:0
BRF:0
BRH:0
end_of_record
TN:
SF:lib\storage.ts
FN:6,(anonymous_0)
FN:15,(anonymous_1)
FN:31,(anonymous_2)
FN:40,(anonymous_3)
FN:46,(anonymous_4)
FN:54,(anonymous_5)
FN:64,(anonymous_6)
FN:73,(anonymous_7)
FN:82,(anonymous_8)
FN:96,(anonymous_9)
FNF:10
FNH:0
FNDA:0,(anonymous_0)
FNDA:0,(anonymous_1)
FNDA:0,(anonymous_2)
FNDA:0,(anonymous_3)
FNDA:0,(anonymous_4)
FNDA:0,(anonymous_5)
FNDA:0,(anonymous_6)
FNDA:0,(anonymous_7)
FNDA:0,(anonymous_8)
FNDA:0,(anonymous_9)
DA:4,0
DA:7,0
DA:16,0
DA:23,0
DA:32,0
DA:41,0
DA:42,0
DA:47,0
DA:48,0
DA:50,0
DA:55,0
DA:56,0
DA:57,0
DA:59,0
DA:60,0
DA:65,0
DA:66,0
DA:68,0
DA:74,0
DA:79,0
DA:83,0
DA:84,0
DA:87,0
DA:88,0
DA:89,0
DA:92,0
DA:97,0
LF:27
LH:0
BRDA:25,0,0,0
BRDA:25,0,1,0
BRDA:57,1,0,0
BRDA:57,1,1,0
BRDA:73,2,0,0
BRDA:84,3,0,0
BRDA:84,3,1,0
BRDA:87,4,0,0
BRDA:87,4,1,0
BRF:9
BRH:0
end_of_record
